2017-11-18 13:08:53 -  - exec CUpdateClientPartner::GetUpdatesList
2017-11-18 13:08:53 -  - exec CUpdateClientPartner::__CollectRequestData
2017-11-18 13:08:53 -  - utf=Y&lang=ru&stable=Y&CANGZIP=Y&SUPD_DBS=MYSQL&XE=N&CLIENT_SITE=wine.flxmd.by&LICENSE_KEY=X&SUPD_STS=1&SUPD_URS=0&SUPD_URSA=1&TYPENC=D&CLIENT_PHPVER=5.6.31&NGINX=Y&dbv=5.5.56&instm=main%2C17.5.4%2CY%3Bsecurity%2C17.0.1%2CN%3Bclouds%2C17.0.2%2CN%3Bbitrixcloud%2C17.0.1%2CN%3Biblock%2C17.0.12%2CN%3Bbitrix.siteinfoportal%2C15.5.0%2CN%3Btranslate%2C16.0.0%2CN%3Bsearch%2C17.0.1%2CN%3Bcompression%2C16.0.0%2CN%3Bvote%2C17.5.0%2CN%3Bsocialservices%2C17.5.0%2CN%3Bform%2C17.0.1%2CN%3Bmobileapp%2C17.0.1%2CN%3Bblog%2C17.5.5%2CN%3Bphotogallery%2C17.0.2%2CN%3Bhighloadblock%2C17.0.2%2CN%3Bbitrix.sitecorporate%2C15.5.0%2CN%3Bb24connector%2C17.0.1%2CN%3Bbitrix.sitepersonal%2C15.5.0%2CN%3Bperfmon%2C17.0.0%2CN%3Bfileman%2C17.5.5%2CN%3Bforum%2C17.5.1%2CN%3Bscale%2C17.0.1%2CN%3Bsubscribe%2C17.0.1%2CN%3Bseo%2C17.1.1%2CN&reqm=bitrix.siteinfoportal%2Cbitrix.sitecorporate%2Cbitrix.sitepersonal&fullmoduleinfo=Y&SUPD_SRS=RU&SUPD_CMP=N
2017-11-18 13:08:53 -  - exec CUpdateClientPartner::GetHTTPPage
2017-11-18 13:08:54 -  - TIME GetUpdatesList(request) 0.388 sec
2017-11-18 13:08:54 -  - exec CUpdateClientPartner::ParseServerData
2017-11-18 13:10:35 -  - exec CUpdateClientPartner::GetUpdatesList
2017-11-18 13:10:35 -  - exec CUpdateClientPartner::__CollectRequestData
2017-11-18 13:10:35 -  - utf=Y&lang=ru&stable=Y&CANGZIP=Y&SUPD_DBS=MYSQL&XE=N&CLIENT_SITE=wine.flxmd.by&LICENSE_KEY=X&SUPD_STS=1&SUPD_URS=0&SUPD_URSA=1&TYPENC=D&CLIENT_PHPVER=5.6.31&NGINX=Y&dbv=5.5.56&instm=main%2C17.5.4%2CY%3Bsecurity%2C17.0.1%2CN%3Bclouds%2C17.0.2%2CN%3Bbitrixcloud%2C17.0.1%2CN%3Biblock%2C17.0.12%2CN%3Bbitrix.siteinfoportal%2C15.5.0%2CN%3Btranslate%2C16.0.0%2CN%3Bsearch%2C17.0.1%2CN%3Bcompression%2C16.0.0%2CN%3Bvote%2C17.5.0%2CN%3Bsocialservices%2C17.5.0%2CN%3Bform%2C17.0.1%2CN%3Bmobileapp%2C17.0.1%2CN%3Bblog%2C17.5.5%2CN%3Bphotogallery%2C17.0.2%2CN%3Bhighloadblock%2C17.0.2%2CN%3Bbitrix.sitecorporate%2C15.5.0%2CN%3Bb24connector%2C17.0.1%2CN%3Bbitrix.sitepersonal%2C15.5.0%2CN%3Bperfmon%2C17.0.0%2CN%3Bfileman%2C17.5.5%2CN%3Bforum%2C17.5.1%2CN%3Benergosoft.grouping%2C1.0.1%2CN%3Bscale%2C17.0.1%2CN%3Bsubscribe%2C17.0.1%2CN%3Bseo%2C17.1.1%2CN&reqm=bitrix.siteinfoportal%2Cbitrix.sitecorporate%2Cbitrix.sitepersonal%2Cenergosoft.grouping&fullmoduleinfo=Y&SUPD_SRS=RU&SUPD_CMP=N
2017-11-18 13:10:35 -  - exec CUpdateClientPartner::GetHTTPPage
2017-11-18 13:10:35 -  - TIME GetUpdatesList(request) 0.309 sec
2017-11-18 13:10:35 -  - exec CUpdateClientPartner::ParseServerData
2017-11-18 13:10:38 -  - exec CUpdateClientPartner::GetUpdatesList
2017-11-18 13:10:38 -  - exec CUpdateClientPartner::__CollectRequestData
2017-11-18 13:10:38 -  - utf=Y&lang=ru&stable=Y&CANGZIP=Y&SUPD_DBS=MYSQL&XE=N&CLIENT_SITE=wine.flxmd.by&LICENSE_KEY=X&SUPD_STS=1&SUPD_URS=0&SUPD_URSA=1&TYPENC=D&CLIENT_PHPVER=5.6.31&NGINX=Y&dbv=5.5.56&instm=main%2C17.5.4%2CY%3Bsecurity%2C17.0.1%2CN%3Bclouds%2C17.0.2%2CN%3Bbitrixcloud%2C17.0.1%2CN%3Biblock%2C17.0.12%2CN%3Bbitrix.siteinfoportal%2C15.5.0%2CN%3Btranslate%2C16.0.0%2CN%3Bsearch%2C17.0.1%2CN%3Bcompression%2C16.0.0%2CN%3Bvote%2C17.5.0%2CN%3Bsocialservices%2C17.5.0%2CN%3Bform%2C17.0.1%2CN%3Bmobileapp%2C17.0.1%2CN%3Bblog%2C17.5.5%2CN%3Bphotogallery%2C17.0.2%2CN%3Bhighloadblock%2C17.0.2%2CN%3Bbitrix.sitecorporate%2C15.5.0%2CN%3Bb24connector%2C17.0.1%2CN%3Bbitrix.sitepersonal%2C15.5.0%2CN%3Bperfmon%2C17.0.0%2CN%3Bfileman%2C17.5.5%2CN%3Bforum%2C17.5.1%2CN%3Benergosoft.grouping%2C1.0.1%2CN%3Bscale%2C17.0.1%2CN%3Bsubscribe%2C17.0.1%2CN%3Bseo%2C17.1.1%2CN&reqm=bitrix.siteinfoportal%2Cbitrix.sitecorporate%2Cbitrix.sitepersonal%2Cenergosoft.grouping&fullmoduleinfo=Y&SUPD_SRS=RU&SUPD_CMP=N
2017-11-18 13:10:38 -  - exec CUpdateClientPartner::GetHTTPPage
2017-11-18 13:10:38 -  - TIME GetUpdatesList(request) 0.282 sec
2017-11-18 13:10:38 -  - exec CUpdateClientPartner::ParseServerData
2017-11-18 13:10:39 -  - exec CUpdateClientPartner::GetUpdatesList
2017-11-18 13:10:39 -  - exec CUpdateClientPartner::__CollectRequestData
2017-11-18 13:10:39 -  - utf=Y&lang=ru&stable=Y&CANGZIP=Y&SUPD_DBS=MYSQL&XE=N&CLIENT_SITE=wine.flxmd.by&LICENSE_KEY=X&SUPD_STS=1&SUPD_URS=0&SUPD_URSA=1&TYPENC=D&CLIENT_PHPVER=5.6.31&NGINX=Y&dbv=5.5.56&instm=main%2C17.5.4%2CY%3Bsecurity%2C17.0.1%2CN%3Bclouds%2C17.0.2%2CN%3Bbitrixcloud%2C17.0.1%2CN%3Biblock%2C17.0.12%2CN%3Bbitrix.siteinfoportal%2C15.5.0%2CN%3Btranslate%2C16.0.0%2CN%3Bsearch%2C17.0.1%2CN%3Bcompression%2C16.0.0%2CN%3Bvote%2C17.5.0%2CN%3Bsocialservices%2C17.5.0%2CN%3Bform%2C17.0.1%2CN%3Bmobileapp%2C17.0.1%2CN%3Bblog%2C17.5.5%2CN%3Bphotogallery%2C17.0.2%2CN%3Bhighloadblock%2C17.0.2%2CN%3Bbitrix.sitecorporate%2C15.5.0%2CN%3Bb24connector%2C17.0.1%2CN%3Bbitrix.sitepersonal%2C15.5.0%2CN%3Bperfmon%2C17.0.0%2CN%3Bfileman%2C17.5.5%2CN%3Bforum%2C17.5.1%2CN%3Benergosoft.grouping%2C1.0.1%2CN%3Bscale%2C17.0.1%2CN%3Bsubscribe%2C17.0.1%2CN%3Bseo%2C17.1.1%2CN&reqm=bitrix.siteinfoportal%2Cbitrix.sitecorporate%2Cbitrix.sitepersonal%2Cenergosoft.grouping&fullmoduleinfo=Y&SUPD_SRS=RU&SUPD_CMP=N
2017-11-18 13:10:39 -  - exec CUpdateClientPartner::GetHTTPPage
2017-11-18 13:10:40 -  - TIME GetUpdatesList(request) 0.319 sec
2017-11-18 13:10:40 -  - exec CUpdateClientPartner::ParseServerData
2017-11-18 13:10:45 -  - exec CUpdateClientPartner::GetUpdatesList
2017-11-18 13:10:45 -  - exec CUpdateClientPartner::__CollectRequestData
2017-11-18 13:10:45 -  - utf=Y&lang=ru&stable=Y&CANGZIP=Y&SUPD_DBS=MYSQL&XE=N&CLIENT_SITE=wine.flxmd.by&LICENSE_KEY=X&SUPD_STS=1&SUPD_URS=0&SUPD_URSA=1&TYPENC=D&CLIENT_PHPVER=5.6.31&NGINX=Y&dbv=5.5.56&instm=main%2C17.5.4%2CY%3Bsecurity%2C17.0.1%2CN%3Bclouds%2C17.0.2%2CN%3Bbitrixcloud%2C17.0.1%2CN%3Biblock%2C17.0.12%2CN%3Bbitrix.siteinfoportal%2C15.5.0%2CN%3Btranslate%2C16.0.0%2CN%3Bsearch%2C17.0.1%2CN%3Bcompression%2C16.0.0%2CN%3Bvote%2C17.5.0%2CN%3Bsocialservices%2C17.5.0%2CN%3Bform%2C17.0.1%2CN%3Bmobileapp%2C17.0.1%2CN%3Bblog%2C17.5.5%2CN%3Bphotogallery%2C17.0.2%2CN%3Bhighloadblock%2C17.0.2%2CN%3Bbitrix.sitecorporate%2C15.5.0%2CN%3Bb24connector%2C17.0.1%2CN%3Bbitrix.sitepersonal%2C15.5.0%2CN%3Bperfmon%2C17.0.0%2CN%3Bfileman%2C17.5.5%2CN%3Bforum%2C17.5.1%2CN%3Benergosoft.grouping%2C1.0.1%2CN%3Bscale%2C17.0.1%2CN%3Bsubscribe%2C17.0.1%2CN%3Bseo%2C17.1.1%2CN&reqm=bitrix.siteinfoportal%2Cbitrix.sitecorporate%2Cbitrix.sitepersonal%2Cenergosoft.grouping&fullmoduleinfo=Y&SUPD_SRS=RU&SUPD_CMP=N
2017-11-18 13:10:45 -  - exec CUpdateClientPartner::GetHTTPPage
2017-11-18 13:10:45 -  - TIME GetUpdatesList(request) 0.272 sec
2017-11-18 13:10:45 -  - exec CUpdateClientPartner::ParseServerData
2018-01-11 17:38:02 -  - exec CUpdateClientPartner::GetUpdatesList
2018-01-11 17:38:02 -  - exec CUpdateClientPartner::__CollectRequestData
2018-01-11 17:38:02 -  - utf=Y&lang=ru&stable=Y&CANGZIP=Y&SUPD_DBS=MYSQL&XE=N&CLIENT_SITE=wine.flxmd.by&LICENSE_KEY=X&SUPD_STS=2&SUPD_URS=0&SUPD_URSA=1&TYPENC=E&CLIENT_PHPVER=5.6.31&NGINX=Y&dbv=5.5.56&instm=main%2C17.5.4%2CN%3Bsecurity%2C17.0.2%2CN%3Bclouds%2C17.0.2%2CN%3Bbitrixcloud%2C17.0.1%2CN%3Biblock%2C17.5.3%2CN%3Bbitrix.siteinfoportal%2C15.5.0%2CN%3Btranslate%2C16.0.0%2CN%3Bsearch%2C17.0.1%2CN%3Bcompression%2C16.0.0%2CN%3Bvote%2C17.5.0%2CN%3Bsocialservices%2C17.5.1%2CN%3Bform%2C17.0.1%2CN%3Bmobileapp%2C17.5.0%2CN%3Bblog%2C17.5.5%2CN%3Bphotogallery%2C17.0.2%2CN%3Bhighloadblock%2C17.0.2%2CN%3Bbitrix.sitecorporate%2C15.5.0%2CN%3Bb24connector%2C17.0.1%2CN%3Bbitrix.sitepersonal%2C15.5.0%2CN%3Bperfmon%2C17.0.1%2CN%3Bui%2C17.5.2%2CN%3Bdefa.tools%2C2.0.2%2CN%3Bfileman%2C17.5.6%2CN%3Bforum%2C17.5.1%2CN%3Benergosoft.grouping%2C1.0.1%2CN%3Bscale%2C17.5.0%2CN%3Bsubscribe%2C17.0.1%2CN%3Bseo%2C17.1.1%2CN&reqm=bitrix.siteinfoportal%2Cbitrix.sitecorporate%2Cbitrix.sitepersonal%2Cdefa.tools%2Cenergosoft.grouping&fullmoduleinfo=Y&SUPD_SRS=RU&SUPD_CMP=N
2018-01-11 17:38:02 -  - exec CUpdateClientPartner::GetHTTPPage
2018-01-11 17:38:04 -  - TIME GetUpdatesList(request) 1.815 sec
2018-01-11 17:38:04 -  - exec CUpdateClientPartner::ParseServerData
2018-01-11 17:38:07 -  - exec CUpdateClientPartner::GetUpdatesList
2018-01-11 17:38:07 -  - exec CUpdateClientPartner::__CollectRequestData
2018-01-11 17:38:07 -  - utf=Y&lang=ru&stable=Y&CANGZIP=Y&SUPD_DBS=MYSQL&XE=N&CLIENT_SITE=wine.flxmd.by&LICENSE_KEY=X&SUPD_STS=2&SUPD_URS=0&SUPD_URSA=1&TYPENC=E&CLIENT_PHPVER=5.6.31&NGINX=Y&dbv=5.5.56&instm=main%2C17.5.4%2CN%3Bsecurity%2C17.0.2%2CN%3Bclouds%2C17.0.2%2CN%3Bbitrixcloud%2C17.0.1%2CN%3Biblock%2C17.5.3%2CN%3Bbitrix.siteinfoportal%2C15.5.0%2CN%3Btranslate%2C16.0.0%2CN%3Bsearch%2C17.0.1%2CN%3Bcompression%2C16.0.0%2CN%3Bvote%2C17.5.0%2CN%3Bsocialservices%2C17.5.1%2CN%3Bform%2C17.0.1%2CN%3Bmobileapp%2C17.5.0%2CN%3Bblog%2C17.5.5%2CN%3Bphotogallery%2C17.0.2%2CN%3Bhighloadblock%2C17.0.2%2CN%3Bbitrix.sitecorporate%2C15.5.0%2CN%3Bb24connector%2C17.0.1%2CN%3Bbitrix.sitepersonal%2C15.5.0%2CN%3Bperfmon%2C17.0.1%2CN%3Bui%2C17.5.2%2CN%3Bdefa.tools%2C2.0.2%2CN%3Bfileman%2C17.5.6%2CN%3Bforum%2C17.5.1%2CN%3Benergosoft.grouping%2C1.0.1%2CN%3Bscale%2C17.5.0%2CN%3Bsubscribe%2C17.0.1%2CN%3Bseo%2C17.1.1%2CN&reqm=bitrix.siteinfoportal%2Cbitrix.sitecorporate%2Cbitrix.sitepersonal%2Cdefa.tools%2Cenergosoft.grouping&fullmoduleinfo=Y&SUPD_SRS=RU&SUPD_CMP=N
2018-01-11 17:38:07 -  - exec CUpdateClientPartner::GetHTTPPage
2018-01-11 17:38:09 -  - TIME GetUpdatesList(request) 1.897 sec
2018-01-11 17:38:09 -  - exec CUpdateClientPartner::ParseServerData
2018-01-11 17:38:10 -  - exec CUpdateClientPartner::GetUpdatesList
2018-01-11 17:38:10 -  - exec CUpdateClientPartner::__CollectRequestData
2018-01-11 17:38:10 -  - utf=Y&lang=ru&stable=Y&CANGZIP=Y&SUPD_DBS=MYSQL&XE=N&CLIENT_SITE=wine.flxmd.by&LICENSE_KEY=X&SUPD_STS=2&SUPD_URS=0&SUPD_URSA=1&TYPENC=E&CLIENT_PHPVER=5.6.31&NGINX=Y&dbv=5.5.56&instm=main%2C17.5.4%2CN%3Bsecurity%2C17.0.2%2CN%3Bclouds%2C17.0.2%2CN%3Bbitrixcloud%2C17.0.1%2CN%3Biblock%2C17.5.3%2CN%3Bbitrix.siteinfoportal%2C15.5.0%2CN%3Btranslate%2C16.0.0%2CN%3Bsearch%2C17.0.1%2CN%3Bcompression%2C16.0.0%2CN%3Bvote%2C17.5.0%2CN%3Bsocialservices%2C17.5.1%2CN%3Bform%2C17.0.1%2CN%3Bmobileapp%2C17.5.0%2CN%3Bblog%2C17.5.5%2CN%3Bphotogallery%2C17.0.2%2CN%3Bhighloadblock%2C17.0.2%2CN%3Bbitrix.sitecorporate%2C15.5.0%2CN%3Bb24connector%2C17.0.1%2CN%3Bbitrix.sitepersonal%2C15.5.0%2CN%3Bperfmon%2C17.0.1%2CN%3Bui%2C17.5.2%2CN%3Bdefa.tools%2C2.0.2%2CN%3Bfileman%2C17.5.6%2CN%3Bforum%2C17.5.1%2CN%3Benergosoft.grouping%2C1.0.1%2CN%3Bscale%2C17.5.0%2CN%3Bsubscribe%2C17.0.1%2CN%3Bseo%2C17.1.1%2CN&reqm=bitrix.siteinfoportal%2Cbitrix.sitecorporate%2Cbitrix.sitepersonal%2Cdefa.tools%2Cenergosoft.grouping&fullmoduleinfo=Y&SUPD_SRS=RU&SUPD_CMP=N
2018-01-11 17:38:10 -  - exec CUpdateClientPartner::GetHTTPPage
2018-01-11 17:38:10 -  - TIME GetUpdatesList(request) 0.805 sec
2018-01-11 17:38:10 -  - exec CUpdateClientPartner::ParseServerData
2018-01-24 17:18:59 -  - exec CUpdateClientPartner::GetUpdatesList
2018-01-24 17:18:59 -  - exec CUpdateClientPartner::__CollectRequestData
2018-01-24 17:18:59 -  - utf=Y&lang=ru&stable=Y&CANGZIP=Y&SUPD_DBS=MYSQL&XE=N&CLIENT_SITE=wine.flxmd.by&LICENSE_KEY=X&SUPD_STS=2&SUPD_URS=0&SUPD_URSA=2&TYPENC=E&CLIENT_PHPVER=5.6.31&NGINX=Y&dbv=5.5.56&instm=main%2C17.5.4%2CN%3Bsecurity%2C17.0.2%2CN%3Bclouds%2C17.0.2%2CN%3Bbitrixcloud%2C17.0.1%2CN%3Biblock%2C17.5.3%2CN%3Bbitrix.siteinfoportal%2C15.5.0%2CN%3Btranslate%2C16.0.0%2CN%3Bsearch%2C17.0.1%2CN%3Bcompression%2C16.0.0%2CN%3Bvote%2C17.5.0%2CN%3Bsocialservices%2C17.5.1%2CN%3Bform%2C17.0.1%2CN%3Bmobileapp%2C17.5.0%2CN%3Bblog%2C17.5.5%2CN%3Bphotogallery%2C17.0.2%2CN%3Bhighloadblock%2C17.0.2%2CN%3Bbitrix.sitecorporate%2C15.5.0%2CN%3Bb24connector%2C17.0.1%2CN%3Bbitrix.sitepersonal%2C15.5.0%2CN%3Bperfmon%2C17.0.1%2CN%3Bui%2C17.5.2%2CN%3Bdefa.tools%2C2.0.2%2CN%3Bfileman%2C17.5.6%2CN%3Bforum%2C17.5.1%2CN%3Benergosoft.grouping%2C1.0.1%2CN%3Bscale%2C17.5.0%2CN%3Bsubscribe%2C17.0.1%2CN%3Bseo%2C17.1.1%2CN&reqm=bitrix.siteinfoportal%2Cbitrix.sitecorporate%2Cbitrix.sitepersonal%2Cdefa.tools%2Cenergosoft.grouping%2Cslam.easyform&SUPD_SRS=RU&SUPD_CMP=N
2018-01-24 17:18:59 -  - exec CUpdateClientPartner::GetHTTPPage
2018-01-24 17:18:59 -  - TIME GetUpdatesList(request) 0.223 sec
2018-01-24 17:18:59 -  - exec CUpdateClientPartner::ParseServerData
2018-01-24 17:19:05 -  - exec CUpdateClientPartner::LoadModulesUpdates
2018-01-24 17:19:05 -  - exec CUpdateClientPartner::__CollectRequestData
2018-01-24 17:19:05 -  - utf=Y&lang=ru&stable=Y&CANGZIP=Y&SUPD_DBS=MYSQL&XE=N&CLIENT_SITE=wine.flxmd.by&LICENSE_KEY=X&SUPD_STS=2&SUPD_URS=0&SUPD_URSA=2&TYPENC=E&CLIENT_PHPVER=5.6.31&NGINX=Y&dbv=5.5.56&instm=main%2C17.5.4%2CN%3Bsecurity%2C17.0.2%2CN%3Bclouds%2C17.0.2%2CN%3Bbitrixcloud%2C17.0.1%2CN%3Biblock%2C17.5.3%2CN%3Bbitrix.siteinfoportal%2C15.5.0%2CN%3Btranslate%2C16.0.0%2CN%3Bsearch%2C17.0.1%2CN%3Bcompression%2C16.0.0%2CN%3Bvote%2C17.5.0%2CN%3Bsocialservices%2C17.5.1%2CN%3Bform%2C17.0.1%2CN%3Bmobileapp%2C17.5.0%2CN%3Bblog%2C17.5.5%2CN%3Bphotogallery%2C17.0.2%2CN%3Bhighloadblock%2C17.0.2%2CN%3Bbitrix.sitecorporate%2C15.5.0%2CN%3Bb24connector%2C17.0.1%2CN%3Bbitrix.sitepersonal%2C15.5.0%2CN%3Bperfmon%2C17.0.1%2CN%3Bui%2C17.5.2%2CN%3Bdefa.tools%2C2.0.2%2CN%3Bfileman%2C17.5.6%2CN%3Bforum%2C17.5.1%2CN%3Benergosoft.grouping%2C1.0.1%2CN%3Bscale%2C17.5.0%2CN%3Bsubscribe%2C17.0.1%2CN%3Bseo%2C17.1.1%2CN&reqm=slam.easyform&lim=Y&SUPD_SRS=RU&SUPD_CMP=N
2018-01-24 17:19:05 -  - exec CUpdateClientPartner::GetHTTPPage
2018-01-24 17:19:06 -  - TIME LoadModulesUpdates(request) 0.239 sec
2018-01-24 17:19:06 -  - exec CUpdateClientPartner::ParseServerData
2018-01-24 17:19:06 - S - STEP
2018-01-24 17:19:06 - LMU01 - LoadModulesUpdates-Step
2018-01-24 17:19:06 -  - exec CUpdateClientPartner::LoadModulesUpdates
2018-01-24 17:19:06 -  - exec CUpdateClientPartner::ParseServerData
2018-01-24 17:19:06 -  - loadFile
2018-01-24 17:19:06 - U - RETURN
2018-01-24 17:19:06 -  - exec CUpdateClientPartner::UnGzipArchive
2018-01-24 17:19:07 -  - TIME UnGzipArchive 0.05 sec
2018-01-24 17:19:07 -  - TIME UpdateStepModules 0.05 sec
2018-01-24 17:19:07 - UPD_SUCCESS - Updated: slam.easyform
2018-01-24 17:19:07 -  - exec CUpdateClientPartner::LoadModulesUpdates
2018-01-24 17:19:07 -  - exec CUpdateClientPartner::__CollectRequestData
2018-01-24 17:19:07 -  - utf=Y&lang=ru&stable=Y&CANGZIP=Y&SUPD_DBS=MYSQL&XE=N&CLIENT_SITE=wine.flxmd.by&LICENSE_KEY=X&SUPD_STS=2&SUPD_URS=0&SUPD_URSA=2&TYPENC=E&CLIENT_PHPVER=5.6.31&NGINX=Y&dbv=5.5.56&instm=main%2C17.5.4%2CN%3Bsecurity%2C17.0.2%2CN%3Bclouds%2C17.0.2%2CN%3Bbitrixcloud%2C17.0.1%2CN%3Biblock%2C17.5.3%2CN%3Bbitrix.siteinfoportal%2C15.5.0%2CN%3Bslam.easyform%2C1.0.0%2CN%3Btranslate%2C16.0.0%2CN%3Bsearch%2C17.0.1%2CN%3Bcompression%2C16.0.0%2CN%3Bvote%2C17.5.0%2CN%3Bsocialservices%2C17.5.1%2CN%3Bform%2C17.0.1%2CN%3Bmobileapp%2C17.5.0%2CN%3Bblog%2C17.5.5%2CN%3Bphotogallery%2C17.0.2%2CN%3Bhighloadblock%2C17.0.2%2CN%3Bbitrix.sitecorporate%2C15.5.0%2CN%3Bb24connector%2C17.0.1%2CN%3Bbitrix.sitepersonal%2C15.5.0%2CN%3Bperfmon%2C17.0.1%2CN%3Bui%2C17.5.2%2CN%3Bdefa.tools%2C2.0.2%2CN%3Bfileman%2C17.5.6%2CN%3Bforum%2C17.5.1%2CN%3Benergosoft.grouping%2C1.0.1%2CN%3Bscale%2C17.5.0%2CN%3Bsubscribe%2C17.0.1%2CN%3Bseo%2C17.1.1%2CN&reqm=slam.easyform&lim=Y&SUPD_SRS=RU&SUPD_CMP=N
2018-01-24 17:19:07 -  - exec CUpdateClientPartner::GetHTTPPage
2018-01-24 17:19:07 -  - TIME LoadModulesUpdates(request) 0.262 sec
2018-01-24 17:19:07 -  - exec CUpdateClientPartner::ParseServerData
2018-01-24 17:19:07 - STEP - Finish - NOUPDATES
2018-01-24 17:19:07 - STEP - Finish - NOUPDATES
2018-01-24 17:19:09 -  - exec CUpdateClientPartner::GetUpdatesList
2018-01-24 17:19:09 -  - exec CUpdateClientPartner::__CollectRequestData
2018-01-24 17:19:09 -  - utf=Y&lang=ru&stable=Y&CANGZIP=Y&SUPD_DBS=MYSQL&XE=N&CLIENT_SITE=wine.flxmd.by&LICENSE_KEY=X&SUPD_STS=2&SUPD_URS=0&SUPD_URSA=2&TYPENC=E&CLIENT_PHPVER=5.6.31&NGINX=Y&dbv=5.5.56&instm=main%2C17.5.4%2CN%3Bsecurity%2C17.0.2%2CN%3Bclouds%2C17.0.2%2CN%3Bbitrixcloud%2C17.0.1%2CN%3Biblock%2C17.5.3%2CN%3Bbitrix.siteinfoportal%2C15.5.0%2CN%3Bslam.easyform%2C1.0.0%2CN%3Btranslate%2C16.0.0%2CN%3Bsearch%2C17.0.1%2CN%3Bcompression%2C16.0.0%2CN%3Bvote%2C17.5.0%2CN%3Bsocialservices%2C17.5.1%2CN%3Bform%2C17.0.1%2CN%3Bmobileapp%2C17.5.0%2CN%3Bblog%2C17.5.5%2CN%3Bphotogallery%2C17.0.2%2CN%3Bhighloadblock%2C17.0.2%2CN%3Bbitrix.sitecorporate%2C15.5.0%2CN%3Bb24connector%2C17.0.1%2CN%3Bbitrix.sitepersonal%2C15.5.0%2CN%3Bperfmon%2C17.0.1%2CN%3Bui%2C17.5.2%2CN%3Bdefa.tools%2C2.0.2%2CN%3Bfileman%2C17.5.6%2CN%3Bforum%2C17.5.1%2CN%3Benergosoft.grouping%2C1.0.1%2CN%3Bscale%2C17.5.0%2CN%3Bsubscribe%2C17.0.1%2CN%3Bseo%2C17.1.1%2CN&reqm=bitrix.siteinfoportal%2Cslam.easyform%2Cbitrix.sitecorporate%2Cbitrix.sitepersonal%2Cdefa.tools%2Cenergosoft.grouping&fullmoduleinfo=Y&SUPD_SRS=RU&SUPD_CMP=N
2018-01-24 17:19:09 -  - exec CUpdateClientPartner::GetHTTPPage
2018-01-24 17:19:09 -  - TIME GetUpdatesList(request) 0.269 sec
2018-01-24 17:19:09 -  - exec CUpdateClientPartner::ParseServerData
2018-01-24 17:19:12 -  - exec CUpdateClientPartner::GetUpdatesList
2018-01-24 17:19:12 -  - exec CUpdateClientPartner::__CollectRequestData
2018-01-24 17:19:12 -  - utf=Y&lang=ru&stable=Y&CANGZIP=Y&SUPD_DBS=MYSQL&XE=N&CLIENT_SITE=wine.flxmd.by&LICENSE_KEY=X&SUPD_STS=2&SUPD_URS=0&SUPD_URSA=2&TYPENC=E&CLIENT_PHPVER=5.6.31&NGINX=Y&dbv=5.5.56&instm=main%2C17.5.4%2CN%3Bsecurity%2C17.0.2%2CN%3Bclouds%2C17.0.2%2CN%3Bbitrixcloud%2C17.0.1%2CN%3Biblock%2C17.5.3%2CN%3Bbitrix.siteinfoportal%2C15.5.0%2CN%3Bslam.easyform%2C1.0.0%2CN%3Btranslate%2C16.0.0%2CN%3Bsearch%2C17.0.1%2CN%3Bcompression%2C16.0.0%2CN%3Bvote%2C17.5.0%2CN%3Bsocialservices%2C17.5.1%2CN%3Bform%2C17.0.1%2CN%3Bmobileapp%2C17.5.0%2CN%3Bblog%2C17.5.5%2CN%3Bphotogallery%2C17.0.2%2CN%3Bhighloadblock%2C17.0.2%2CN%3Bbitrix.sitecorporate%2C15.5.0%2CN%3Bb24connector%2C17.0.1%2CN%3Bbitrix.sitepersonal%2C15.5.0%2CN%3Bperfmon%2C17.0.1%2CN%3Bui%2C17.5.2%2CN%3Bdefa.tools%2C2.0.2%2CN%3Bfileman%2C17.5.6%2CN%3Bforum%2C17.5.1%2CN%3Benergosoft.grouping%2C1.0.1%2CN%3Bscale%2C17.5.0%2CN%3Bsubscribe%2C17.0.1%2CN%3Bseo%2C17.1.1%2CN&reqm=bitrix.siteinfoportal%2Cslam.easyform%2Cbitrix.sitecorporate%2Cbitrix.sitepersonal%2Cdefa.tools%2Cenergosoft.grouping&fullmoduleinfo=Y&SUPD_SRS=RU&SUPD_CMP=N
2018-01-24 17:19:12 -  - exec CUpdateClientPartner::GetHTTPPage
2018-01-24 17:19:12 -  - TIME GetUpdatesList(request) 0.247 sec
2018-01-24 17:19:12 -  - exec CUpdateClientPartner::ParseServerData
2018-01-24 17:19:12 -  - exec CUpdateClientPartner::GetUpdatesList
2018-01-24 17:19:12 -  - exec CUpdateClientPartner::__CollectRequestData
2018-01-24 17:19:12 -  - utf=Y&lang=ru&stable=Y&CANGZIP=Y&SUPD_DBS=MYSQL&XE=N&CLIENT_SITE=wine.flxmd.by&LICENSE_KEY=X&SUPD_STS=2&SUPD_URS=0&SUPD_URSA=2&TYPENC=E&CLIENT_PHPVER=5.6.31&NGINX=Y&dbv=5.5.56&instm=main%2C17.5.4%2CN%3Bsecurity%2C17.0.2%2CN%3Bclouds%2C17.0.2%2CN%3Bbitrixcloud%2C17.0.1%2CN%3Biblock%2C17.5.3%2CN%3Bbitrix.siteinfoportal%2C15.5.0%2CN%3Btranslate%2C16.0.0%2CN%3Bsearch%2C17.0.1%2CN%3Bcompression%2C16.0.0%2CN%3Bvote%2C17.5.0%2CN%3Bsocialservices%2C17.5.1%2CN%3Bform%2C17.0.1%2CN%3Bmobileapp%2C17.5.0%2CN%3Bblog%2C17.5.5%2CN%3Bphotogallery%2C17.0.2%2CN%3Bhighloadblock%2C17.0.2%2CN%3Bbitrix.sitecorporate%2C15.5.0%2CN%3Bb24connector%2C17.0.1%2CN%3Bbitrix.sitepersonal%2C15.5.0%2CN%3Bperfmon%2C17.0.1%2CN%3Bui%2C17.5.2%2CN%3Bdefa.tools%2C2.0.2%2CN%3Bfileman%2C17.5.6%2CN%3Bforum%2C17.5.1%2CN%3Benergosoft.grouping%2C1.0.1%2CN%3Bscale%2C17.5.0%2CN%3Bsubscribe%2C17.0.1%2CN%3Bseo%2C17.1.1%2CN&reqm=bitrix.siteinfoportal%2Cbitrix.sitecorporate%2Cbitrix.sitepersonal%2Cdefa.tools%2Cenergosoft.grouping&fullmoduleinfo=Y&SUPD_SRS=RU&SUPD_CMP=N
2018-01-24 17:19:12 -  - exec CUpdateClientPartner::GetHTTPPage
2018-01-24 17:19:13 -  - TIME GetUpdatesList(request) 0.243 sec
2018-01-24 17:19:13 -  - exec CUpdateClientPartner::ParseServerData
2018-01-24 17:19:25 -  - exec CUpdateClientPartner::GetUpdatesList
2018-01-24 17:19:25 -  - exec CUpdateClientPartner::__CollectRequestData
2018-01-24 17:19:25 -  - utf=Y&lang=ru&stable=Y&CANGZIP=Y&SUPD_DBS=MYSQL&XE=N&CLIENT_SITE=wine.flxmd.by&LICENSE_KEY=X&SUPD_STS=2&SUPD_URS=0&SUPD_URSA=2&TYPENC=E&CLIENT_PHPVER=5.6.31&NGINX=Y&dbv=5.5.56&instm=main%2C17.5.4%2CN%3Bsecurity%2C17.0.2%2CN%3Bclouds%2C17.0.2%2CN%3Bbitrixcloud%2C17.0.1%2CN%3Biblock%2C17.5.3%2CN%3Bbitrix.siteinfoportal%2C15.5.0%2CN%3Btranslate%2C16.0.0%2CN%3Bsearch%2C17.0.1%2CN%3Bcompression%2C16.0.0%2CN%3Bvote%2C17.5.0%2CN%3Bsocialservices%2C17.5.1%2CN%3Bform%2C17.0.1%2CN%3Bmobileapp%2C17.5.0%2CN%3Bblog%2C17.5.5%2CN%3Bphotogallery%2C17.0.2%2CN%3Bhighloadblock%2C17.0.2%2CN%3Bbitrix.sitecorporate%2C15.5.0%2CN%3Bb24connector%2C17.0.1%2CN%3Bbitrix.sitepersonal%2C15.5.0%2CN%3Bperfmon%2C17.0.1%2CN%3Bui%2C17.5.2%2CN%3Bdefa.tools%2C2.0.2%2CN%3Bfileman%2C17.5.6%2CN%3Bforum%2C17.5.1%2CN%3Benergosoft.grouping%2C1.0.1%2CN%3Bscale%2C17.5.0%2CN%3Bsubscribe%2C17.0.1%2CN%3Bseo%2C17.1.1%2CN&reqm=bitrix.siteinfoportal%2Cbitrix.sitecorporate%2Cbitrix.sitepersonal%2Cdefa.tools%2Cenergosoft.grouping%2Cslam.counters&SUPD_SRS=RU&SUPD_CMP=N
2018-01-24 17:19:25 -  - exec CUpdateClientPartner::GetHTTPPage
2018-01-24 17:19:25 -  - TIME GetUpdatesList(request) 0.24 sec
2018-01-24 17:19:25 -  - exec CUpdateClientPartner::ParseServerData
2018-01-24 17:19:29 -  - exec CUpdateClientPartner::LoadModulesUpdates
2018-01-24 17:19:29 -  - exec CUpdateClientPartner::__CollectRequestData
2018-01-24 17:19:29 -  - utf=Y&lang=ru&stable=Y&CANGZIP=Y&SUPD_DBS=MYSQL&XE=N&CLIENT_SITE=wine.flxmd.by&LICENSE_KEY=X&SUPD_STS=2&SUPD_URS=0&SUPD_URSA=2&TYPENC=E&CLIENT_PHPVER=5.6.31&NGINX=Y&dbv=5.5.56&instm=main%2C17.5.4%2CN%3Bsecurity%2C17.0.2%2CN%3Bclouds%2C17.0.2%2CN%3Bbitrixcloud%2C17.0.1%2CN%3Biblock%2C17.5.3%2CN%3Bbitrix.siteinfoportal%2C15.5.0%2CN%3Btranslate%2C16.0.0%2CN%3Bsearch%2C17.0.1%2CN%3Bcompression%2C16.0.0%2CN%3Bvote%2C17.5.0%2CN%3Bsocialservices%2C17.5.1%2CN%3Bform%2C17.0.1%2CN%3Bmobileapp%2C17.5.0%2CN%3Bblog%2C17.5.5%2CN%3Bphotogallery%2C17.0.2%2CN%3Bhighloadblock%2C17.0.2%2CN%3Bbitrix.sitecorporate%2C15.5.0%2CN%3Bb24connector%2C17.0.1%2CN%3Bbitrix.sitepersonal%2C15.5.0%2CN%3Bperfmon%2C17.0.1%2CN%3Bui%2C17.5.2%2CN%3Bdefa.tools%2C2.0.2%2CN%3Bfileman%2C17.5.6%2CN%3Bforum%2C17.5.1%2CN%3Benergosoft.grouping%2C1.0.1%2CN%3Bscale%2C17.5.0%2CN%3Bsubscribe%2C17.0.1%2CN%3Bseo%2C17.1.1%2CN&reqm=slam.counters&lim=Y&SUPD_SRS=RU&SUPD_CMP=N
2018-01-24 17:19:29 -  - exec CUpdateClientPartner::GetHTTPPage
2018-01-24 17:19:29 -  - TIME LoadModulesUpdates(request) 0.25 sec
2018-01-24 17:19:29 -  - exec CUpdateClientPartner::ParseServerData
2018-01-24 17:19:29 - S - STEP
2018-01-24 17:19:29 - LMU01 - LoadModulesUpdates-Step
2018-01-24 17:19:30 -  - exec CUpdateClientPartner::LoadModulesUpdates
2018-01-24 17:19:30 -  - exec CUpdateClientPartner::ParseServerData
2018-01-24 17:19:30 -  - loadFile
2018-01-24 17:19:30 - U - RETURN
2018-01-24 17:19:30 -  - exec CUpdateClientPartner::UnGzipArchive
2018-01-24 17:19:30 -  - TIME UnGzipArchive 0.005 sec
2018-01-24 17:19:30 -  - TIME UpdateStepModules 0.01 sec
2018-01-24 17:19:30 - UPD_SUCCESS - Updated: slam.counters
2018-01-24 17:19:30 -  - exec CUpdateClientPartner::LoadModulesUpdates
2018-01-24 17:19:30 -  - exec CUpdateClientPartner::__CollectRequestData
2018-01-24 17:19:30 -  - utf=Y&lang=ru&stable=Y&CANGZIP=Y&SUPD_DBS=MYSQL&XE=N&CLIENT_SITE=wine.flxmd.by&LICENSE_KEY=X&SUPD_STS=2&SUPD_URS=0&SUPD_URSA=2&TYPENC=E&CLIENT_PHPVER=5.6.31&NGINX=Y&dbv=5.5.56&instm=main%2C17.5.4%2CN%3Bslam.counters%2C0.0.1%2CN%3Bsecurity%2C17.0.2%2CN%3Bclouds%2C17.0.2%2CN%3Bbitrixcloud%2C17.0.1%2CN%3Biblock%2C17.5.3%2CN%3Bbitrix.siteinfoportal%2C15.5.0%2CN%3Btranslate%2C16.0.0%2CN%3Bsearch%2C17.0.1%2CN%3Bcompression%2C16.0.0%2CN%3Bvote%2C17.5.0%2CN%3Bsocialservices%2C17.5.1%2CN%3Bform%2C17.0.1%2CN%3Bmobileapp%2C17.5.0%2CN%3Bblog%2C17.5.5%2CN%3Bphotogallery%2C17.0.2%2CN%3Bhighloadblock%2C17.0.2%2CN%3Bbitrix.sitecorporate%2C15.5.0%2CN%3Bb24connector%2C17.0.1%2CN%3Bbitrix.sitepersonal%2C15.5.0%2CN%3Bperfmon%2C17.0.1%2CN%3Bui%2C17.5.2%2CN%3Bdefa.tools%2C2.0.2%2CN%3Bfileman%2C17.5.6%2CN%3Bforum%2C17.5.1%2CN%3Benergosoft.grouping%2C1.0.1%2CN%3Bscale%2C17.5.0%2CN%3Bsubscribe%2C17.0.1%2CN%3Bseo%2C17.1.1%2CN&reqm=slam.counters&lim=Y&SUPD_SRS=RU&SUPD_CMP=N
2018-01-24 17:19:30 -  - exec CUpdateClientPartner::GetHTTPPage
2018-01-24 17:19:30 -  - TIME LoadModulesUpdates(request) 0.265 sec
2018-01-24 17:19:30 -  - exec CUpdateClientPartner::ParseServerData
2018-01-24 17:19:30 - S - STEP
2018-01-24 17:19:30 - LMU01 - LoadModulesUpdates-Step
2018-01-24 17:19:30 -  - exec CUpdateClientPartner::LoadModulesUpdates
2018-01-24 17:19:30 -  - exec CUpdateClientPartner::ParseServerData
2018-01-24 17:19:30 -  - loadFile
2018-01-24 17:19:30 - U - RETURN
2018-01-24 17:19:30 -  - exec CUpdateClientPartner::UnGzipArchive
2018-01-24 17:19:30 -  - TIME UnGzipArchive 0.001 sec
2018-01-24 17:19:30 -  - TIME UpdateStepModules 0.002 sec
2018-01-24 17:19:30 - UPD_SUCCESS - Updated: slam.counters (0.0.2)<br>Добавлена новая возможность, добавлять на сайт <b>web.archive.org</b> страницу в архив
2018-01-24 17:19:31 -  - exec CUpdateClientPartner::LoadModulesUpdates
2018-01-24 17:19:31 -  - exec CUpdateClientPartner::__CollectRequestData
2018-01-24 17:19:31 -  - utf=Y&lang=ru&stable=Y&CANGZIP=Y&SUPD_DBS=MYSQL&XE=N&CLIENT_SITE=wine.flxmd.by&LICENSE_KEY=X&SUPD_STS=2&SUPD_URS=0&SUPD_URSA=2&TYPENC=E&CLIENT_PHPVER=5.6.31&NGINX=Y&dbv=5.5.56&instm=main%2C17.5.4%2CN%3Bslam.counters%2C0.0.2%2CN%3Bsecurity%2C17.0.2%2CN%3Bclouds%2C17.0.2%2CN%3Bbitrixcloud%2C17.0.1%2CN%3Biblock%2C17.5.3%2CN%3Bbitrix.siteinfoportal%2C15.5.0%2CN%3Btranslate%2C16.0.0%2CN%3Bsearch%2C17.0.1%2CN%3Bcompression%2C16.0.0%2CN%3Bvote%2C17.5.0%2CN%3Bsocialservices%2C17.5.1%2CN%3Bform%2C17.0.1%2CN%3Bmobileapp%2C17.5.0%2CN%3Bblog%2C17.5.5%2CN%3Bphotogallery%2C17.0.2%2CN%3Bhighloadblock%2C17.0.2%2CN%3Bbitrix.sitecorporate%2C15.5.0%2CN%3Bb24connector%2C17.0.1%2CN%3Bbitrix.sitepersonal%2C15.5.0%2CN%3Bperfmon%2C17.0.1%2CN%3Bui%2C17.5.2%2CN%3Bdefa.tools%2C2.0.2%2CN%3Bfileman%2C17.5.6%2CN%3Bforum%2C17.5.1%2CN%3Benergosoft.grouping%2C1.0.1%2CN%3Bscale%2C17.5.0%2CN%3Bsubscribe%2C17.0.1%2CN%3Bseo%2C17.1.1%2CN&reqm=slam.counters&lim=Y&SUPD_SRS=RU&SUPD_CMP=N
2018-01-24 17:19:31 -  - exec CUpdateClientPartner::GetHTTPPage
2018-01-24 17:19:31 -  - TIME LoadModulesUpdates(request) 0.259 sec
2018-01-24 17:19:31 -  - exec CUpdateClientPartner::ParseServerData
2018-01-24 17:19:31 - S - STEP
2018-01-24 17:19:31 - LMU01 - LoadModulesUpdates-Step
2018-01-24 17:19:31 -  - exec CUpdateClientPartner::LoadModulesUpdates
2018-01-24 17:19:31 -  - exec CUpdateClientPartner::ParseServerData
2018-01-24 17:19:31 -  - loadFile
2018-01-24 17:19:31 - U - RETURN
2018-01-24 17:19:31 -  - exec CUpdateClientPartner::UnGzipArchive
2018-01-24 17:19:31 -  - TIME UnGzipArchive 0.001 sec
2018-01-24 17:19:31 -  - TIME UpdateStepModules 0.003 sec
2018-01-24 17:19:31 - UPD_SUCCESS - Updated: slam.counters (0.0.3)<br>Мелкие изменения.
2018-01-24 17:19:31 -  - exec CUpdateClientPartner::LoadModulesUpdates
2018-01-24 17:19:31 -  - exec CUpdateClientPartner::__CollectRequestData
2018-01-24 17:19:31 -  - utf=Y&lang=ru&stable=Y&CANGZIP=Y&SUPD_DBS=MYSQL&XE=N&CLIENT_SITE=wine.flxmd.by&LICENSE_KEY=X&SUPD_STS=2&SUPD_URS=0&SUPD_URSA=2&TYPENC=E&CLIENT_PHPVER=5.6.31&NGINX=Y&dbv=5.5.56&instm=main%2C17.5.4%2CN%3Bslam.counters%2C0.0.3%2CN%3Bsecurity%2C17.0.2%2CN%3Bclouds%2C17.0.2%2CN%3Bbitrixcloud%2C17.0.1%2CN%3Biblock%2C17.5.3%2CN%3Bbitrix.siteinfoportal%2C15.5.0%2CN%3Btranslate%2C16.0.0%2CN%3Bsearch%2C17.0.1%2CN%3Bcompression%2C16.0.0%2CN%3Bvote%2C17.5.0%2CN%3Bsocialservices%2C17.5.1%2CN%3Bform%2C17.0.1%2CN%3Bmobileapp%2C17.5.0%2CN%3Bblog%2C17.5.5%2CN%3Bphotogallery%2C17.0.2%2CN%3Bhighloadblock%2C17.0.2%2CN%3Bbitrix.sitecorporate%2C15.5.0%2CN%3Bb24connector%2C17.0.1%2CN%3Bbitrix.sitepersonal%2C15.5.0%2CN%3Bperfmon%2C17.0.1%2CN%3Bui%2C17.5.2%2CN%3Bdefa.tools%2C2.0.2%2CN%3Bfileman%2C17.5.6%2CN%3Bforum%2C17.5.1%2CN%3Benergosoft.grouping%2C1.0.1%2CN%3Bscale%2C17.5.0%2CN%3Bsubscribe%2C17.0.1%2CN%3Bseo%2C17.1.1%2CN&reqm=slam.counters&lim=Y&SUPD_SRS=RU&SUPD_CMP=N
2018-01-24 17:19:31 -  - exec CUpdateClientPartner::GetHTTPPage
2018-01-24 17:19:32 -  - TIME LoadModulesUpdates(request) 0.255 sec
2018-01-24 17:19:32 -  - exec CUpdateClientPartner::ParseServerData
2018-01-24 17:19:32 - STEP - Finish - NOUPDATES
2018-01-24 17:19:32 - STEP - Finish - NOUPDATES
2018-01-24 17:19:36 -  - exec CUpdateClientPartner::GetUpdatesList
2018-01-24 17:19:36 -  - exec CUpdateClientPartner::__CollectRequestData
2018-01-24 17:19:36 -  - utf=Y&lang=ru&stable=Y&CANGZIP=Y&SUPD_DBS=MYSQL&XE=N&CLIENT_SITE=wine.flxmd.by&LICENSE_KEY=X&SUPD_STS=2&SUPD_URS=0&SUPD_URSA=2&TYPENC=E&CLIENT_PHPVER=5.6.31&NGINX=Y&dbv=5.5.56&instm=main%2C17.5.4%2CN%3Bslam.counters%2C0.0.3%2CN%3Bsecurity%2C17.0.2%2CN%3Bclouds%2C17.0.2%2CN%3Bbitrixcloud%2C17.0.1%2CN%3Biblock%2C17.5.3%2CN%3Bbitrix.siteinfoportal%2C15.5.0%2CN%3Btranslate%2C16.0.0%2CN%3Bsearch%2C17.0.1%2CN%3Bcompression%2C16.0.0%2CN%3Bvote%2C17.5.0%2CN%3Bsocialservices%2C17.5.1%2CN%3Bform%2C17.0.1%2CN%3Bmobileapp%2C17.5.0%2CN%3Bblog%2C17.5.5%2CN%3Bphotogallery%2C17.0.2%2CN%3Bhighloadblock%2C17.0.2%2CN%3Bbitrix.sitecorporate%2C15.5.0%2CN%3Bb24connector%2C17.0.1%2CN%3Bbitrix.sitepersonal%2C15.5.0%2CN%3Bperfmon%2C17.0.1%2CN%3Bui%2C17.5.2%2CN%3Bdefa.tools%2C2.0.2%2CN%3Bfileman%2C17.5.6%2CN%3Bforum%2C17.5.1%2CN%3Benergosoft.grouping%2C1.0.1%2CN%3Bscale%2C17.5.0%2CN%3Bsubscribe%2C17.0.1%2CN%3Bseo%2C17.1.1%2CN&reqm=slam.counters%2Cbitrix.siteinfoportal%2Cbitrix.sitecorporate%2Cbitrix.sitepersonal%2Cdefa.tools%2Cenergosoft.grouping&fullmoduleinfo=Y&SUPD_SRS=RU&SUPD_CMP=N
2018-01-24 17:19:36 -  - exec CUpdateClientPartner::GetHTTPPage
2018-01-24 17:19:36 -  - TIME GetUpdatesList(request) 0.247 sec
2018-01-24 17:19:36 -  - exec CUpdateClientPartner::ParseServerData
2018-01-24 17:19:39 -  - exec CUpdateClientPartner::GetUpdatesList
2018-01-24 17:19:39 -  - exec CUpdateClientPartner::__CollectRequestData
2018-01-24 17:19:39 -  - utf=Y&lang=ru&stable=Y&CANGZIP=Y&SUPD_DBS=MYSQL&XE=N&CLIENT_SITE=wine.flxmd.by&LICENSE_KEY=X&SUPD_STS=2&SUPD_URS=0&SUPD_URSA=2&TYPENC=E&CLIENT_PHPVER=5.6.31&NGINX=Y&dbv=5.5.56&instm=main%2C17.5.4%2CN%3Bslam.counters%2C0.0.3%2CN%3Bsecurity%2C17.0.2%2CN%3Bclouds%2C17.0.2%2CN%3Bbitrixcloud%2C17.0.1%2CN%3Biblock%2C17.5.3%2CN%3Bbitrix.siteinfoportal%2C15.5.0%2CN%3Btranslate%2C16.0.0%2CN%3Bsearch%2C17.0.1%2CN%3Bcompression%2C16.0.0%2CN%3Bvote%2C17.5.0%2CN%3Bsocialservices%2C17.5.1%2CN%3Bform%2C17.0.1%2CN%3Bmobileapp%2C17.5.0%2CN%3Bblog%2C17.5.5%2CN%3Bphotogallery%2C17.0.2%2CN%3Bhighloadblock%2C17.0.2%2CN%3Bbitrix.sitecorporate%2C15.5.0%2CN%3Bb24connector%2C17.0.1%2CN%3Bbitrix.sitepersonal%2C15.5.0%2CN%3Bperfmon%2C17.0.1%2CN%3Bui%2C17.5.2%2CN%3Bdefa.tools%2C2.0.2%2CN%3Bfileman%2C17.5.6%2CN%3Bforum%2C17.5.1%2CN%3Benergosoft.grouping%2C1.0.1%2CN%3Bscale%2C17.5.0%2CN%3Bsubscribe%2C17.0.1%2CN%3Bseo%2C17.1.1%2CN&reqm=slam.counters%2Cbitrix.siteinfoportal%2Cbitrix.sitecorporate%2Cbitrix.sitepersonal%2Cdefa.tools%2Cenergosoft.grouping&fullmoduleinfo=Y&SUPD_SRS=RU&SUPD_CMP=N
2018-01-24 17:19:39 -  - exec CUpdateClientPartner::GetHTTPPage
2018-01-24 17:19:39 -  - TIME GetUpdatesList(request) 0.265 sec
2018-01-24 17:19:39 -  - exec CUpdateClientPartner::ParseServerData
2018-01-24 17:19:39 -  - exec CUpdateClientPartner::GetUpdatesList
2018-01-24 17:19:39 -  - exec CUpdateClientPartner::__CollectRequestData
2018-01-24 17:19:39 -  - utf=Y&lang=ru&stable=Y&CANGZIP=Y&SUPD_DBS=MYSQL&XE=N&CLIENT_SITE=wine.flxmd.by&LICENSE_KEY=X&SUPD_STS=2&SUPD_URS=0&SUPD_URSA=2&TYPENC=E&CLIENT_PHPVER=5.6.31&NGINX=Y&dbv=5.5.56&instm=main%2C17.5.4%2CN%3Bsecurity%2C17.0.2%2CN%3Bclouds%2C17.0.2%2CN%3Bbitrixcloud%2C17.0.1%2CN%3Biblock%2C17.5.3%2CN%3Bbitrix.siteinfoportal%2C15.5.0%2CN%3Btranslate%2C16.0.0%2CN%3Bsearch%2C17.0.1%2CN%3Bcompression%2C16.0.0%2CN%3Bvote%2C17.5.0%2CN%3Bsocialservices%2C17.5.1%2CN%3Bform%2C17.0.1%2CN%3Bmobileapp%2C17.5.0%2CN%3Bblog%2C17.5.5%2CN%3Bphotogallery%2C17.0.2%2CN%3Bhighloadblock%2C17.0.2%2CN%3Bbitrix.sitecorporate%2C15.5.0%2CN%3Bb24connector%2C17.0.1%2CN%3Bbitrix.sitepersonal%2C15.5.0%2CN%3Bperfmon%2C17.0.1%2CN%3Bui%2C17.5.2%2CN%3Bdefa.tools%2C2.0.2%2CN%3Bfileman%2C17.5.6%2CN%3Bforum%2C17.5.1%2CN%3Benergosoft.grouping%2C1.0.1%2CN%3Bscale%2C17.5.0%2CN%3Bsubscribe%2C17.0.1%2CN%3Bseo%2C17.1.1%2CN&reqm=bitrix.siteinfoportal%2Cbitrix.sitecorporate%2Cbitrix.sitepersonal%2Cdefa.tools%2Cenergosoft.grouping&fullmoduleinfo=Y&SUPD_SRS=RU&SUPD_CMP=N
2018-01-24 17:19:39 -  - exec CUpdateClientPartner::GetHTTPPage
2018-01-24 17:19:40 -  - TIME GetUpdatesList(request) 0.238 sec
2018-01-24 17:19:40 -  - exec CUpdateClientPartner::ParseServerData
2018-01-24 17:46:38 -  - exec CUpdateClientPartner::GetUpdatesList
2018-01-24 17:46:38 -  - exec CUpdateClientPartner::__CollectRequestData
2018-01-24 17:46:38 -  - utf=Y&lang=ru&stable=Y&CANGZIP=Y&SUPD_DBS=MYSQL&XE=N&CLIENT_SITE=wine.flxmd.by&LICENSE_KEY=X&SUPD_STS=2&SUPD_URS=0&SUPD_URSA=2&TYPENC=E&CLIENT_PHPVER=5.6.31&NGINX=Y&dbv=5.5.56&instm=main%2C17.5.4%2CN%3Bsecurity%2C17.0.2%2CN%3Bclouds%2C17.0.2%2CN%3Bbitrixcloud%2C17.0.1%2CN%3Biblock%2C17.5.3%2CN%3Bbitrix.siteinfoportal%2C15.5.0%2CN%3Btranslate%2C16.0.0%2CN%3Bsearch%2C17.0.1%2CN%3Bcompression%2C16.0.0%2CN%3Bvote%2C17.5.0%2CN%3Bsocialservices%2C17.5.1%2CN%3Bform%2C17.0.1%2CN%3Bmobileapp%2C17.5.0%2CN%3Bblog%2C17.5.5%2CN%3Bphotogallery%2C17.0.2%2CN%3Bhighloadblock%2C17.0.2%2CN%3Bbitrix.sitecorporate%2C15.5.0%2CN%3Bb24connector%2C17.0.1%2CN%3Bbitrix.sitepersonal%2C15.5.0%2CN%3Bperfmon%2C17.0.1%2CN%3Bui%2C17.5.2%2CN%3Bdefa.tools%2C2.0.2%2CN%3Bfileman%2C17.5.6%2CN%3Bforum%2C17.5.1%2CN%3Benergosoft.grouping%2C1.0.1%2CN%3Bscale%2C17.5.0%2CN%3Bsubscribe%2C17.0.1%2CN%3Bseo%2C17.1.1%2CN&reqm=bitrix.siteinfoportal%2Cbitrix.sitecorporate%2Cbitrix.sitepersonal%2Cdefa.tools%2Cenergosoft.grouping&fullmoduleinfo=Y&SUPD_SRS=RU&SUPD_CMP=N
2018-01-24 17:46:38 -  - exec CUpdateClientPartner::GetHTTPPage
2018-01-24 17:46:40 -  - TIME GetUpdatesList(request) 2.254 sec
2018-01-24 17:46:40 -  - exec CUpdateClientPartner::ParseServerData
2018-01-24 20:19:25 -  - exec CUpdateClientPartner::GetUpdatesList
2018-01-24 20:19:25 -  - exec CUpdateClientPartner::__CollectRequestData
2018-01-24 20:19:25 -  - utf=Y&lang=ru&stable=Y&CANGZIP=Y&SUPD_DBS=MYSQL&XE=N&CLIENT_SITE=sbswine.by&LICENSE_KEY=X&SUPD_STS=2&SUPD_URS=0&SUPD_URSA=2&TYPENC=E&CLIENT_PHPVER=7.0.17&NGINX=Y&dbv=5.5.52&instm=main%2C17.5.9%2CN%3Btranslate%2C16.0.0%2CN%3Bsocialservices%2C17.5.2%2CN%3Bscale%2C17.5.0%2CN%3Bcompression%2C16.0.0%2CN%3Bsecurity%2C17.0.2%2CN%3Bsubscribe%2C17.5.0%2CN%3Bclouds%2C17.0.2%2CN%3Bbitrixcloud%2C17.0.1%2CN%3Biblock%2C17.5.3%2CN%3Bform%2C17.0.1%2CN%3Bbitrix.siteinfoportal%2C15.5.0%2CN%3Bfileman%2C17.5.9%2CN%3Benergosoft.grouping%2C1.0.1%2CN%3Bbitrix.sitepersonal%2C15.5.0%2CN%3Bui%2C17.5.2%2CN%3Bb24connector%2C17.0.1%2CN%3Bsearch%2C17.0.1%2CN%3Bvote%2C17.5.0%2CN%3Bbitrix.sitecorporate%2C15.5.0%2CN%3Bblog%2C17.5.7%2CN%3Bseo%2C17.5.1%2CN%3Bforum%2C17.5.2%2CN%3Bmobileapp%2C17.5.0%2CN%3Bdefa.tools%2C2.0.2%2CN%3Bperfmon%2C17.0.1%2CN%3Bhighloadblock%2C17.0.2%2CN%3Bphotogallery%2C17.0.2%2CN&reqm=bitrix.siteinfoportal%2Cenergosoft.grouping%2Cbitrix.sitepersonal%2Cbitrix.sitecorporate%2Cdefa.tools&fullmoduleinfo=Y&SUPD_SRS=RU&SUPD_CMP=N
2018-01-24 20:19:25 -  - exec CUpdateClientPartner::GetHTTPPage
2018-01-24 20:19:25 -  - TIME GetUpdatesList(request) 0.276 sec
2018-01-24 20:19:25 -  - exec CUpdateClientPartner::ParseServerData
2018-01-24 20:19:28 -  - exec CUpdateClientPartner::GetUpdatesList
2018-01-24 20:19:28 -  - exec CUpdateClientPartner::__CollectRequestData
2018-01-24 20:19:28 -  - utf=Y&lang=ru&stable=Y&CANGZIP=Y&SUPD_DBS=MYSQL&XE=N&CLIENT_SITE=sbswine.by&LICENSE_KEY=X&SUPD_STS=2&SUPD_URS=0&SUPD_URSA=2&TYPENC=E&CLIENT_PHPVER=7.0.17&NGINX=Y&dbv=5.5.52&instm=main%2C17.5.9%2CN%3Btranslate%2C16.0.0%2CN%3Bsocialservices%2C17.5.2%2CN%3Bscale%2C17.5.0%2CN%3Bcompression%2C16.0.0%2CN%3Bsecurity%2C17.0.2%2CN%3Bsubscribe%2C17.5.0%2CN%3Bclouds%2C17.0.2%2CN%3Bbitrixcloud%2C17.0.1%2CN%3Biblock%2C17.5.3%2CN%3Bform%2C17.0.1%2CN%3Bbitrix.siteinfoportal%2C15.5.0%2CN%3Bfileman%2C17.5.9%2CN%3Benergosoft.grouping%2C1.0.1%2CN%3Bbitrix.sitepersonal%2C15.5.0%2CN%3Bui%2C17.5.2%2CN%3Bb24connector%2C17.0.1%2CN%3Bsearch%2C17.0.1%2CN%3Bvote%2C17.5.0%2CN%3Bbitrix.sitecorporate%2C15.5.0%2CN%3Bblog%2C17.5.7%2CN%3Bseo%2C17.5.1%2CN%3Bforum%2C17.5.2%2CN%3Bmobileapp%2C17.5.0%2CN%3Bdefa.tools%2C2.0.2%2CN%3Bperfmon%2C17.0.1%2CN%3Bhighloadblock%2C17.0.2%2CN%3Bphotogallery%2C17.0.2%2CN&reqm=bitrix.siteinfoportal%2Cenergosoft.grouping%2Cbitrix.sitepersonal%2Cbitrix.sitecorporate%2Cdefa.tools&fullmoduleinfo=Y&SUPD_SRS=RU&SUPD_CMP=N
2018-01-24 20:19:28 -  - exec CUpdateClientPartner::GetHTTPPage
2018-01-24 20:19:28 -  - TIME GetUpdatesList(request) 0.371 sec
2018-01-24 20:19:28 -  - exec CUpdateClientPartner::ParseServerData
2018-01-24 20:19:28 -  - exec CUpdateClientPartner::GetUpdatesList
2018-01-24 20:19:28 -  - exec CUpdateClientPartner::__CollectRequestData
2018-01-24 20:19:28 -  - utf=Y&lang=ru&stable=Y&CANGZIP=Y&SUPD_DBS=MYSQL&XE=N&CLIENT_SITE=sbswine.by&LICENSE_KEY=X&SUPD_STS=2&SUPD_URS=0&SUPD_URSA=2&TYPENC=E&CLIENT_PHPVER=7.0.17&NGINX=Y&dbv=5.5.52&instm=main%2C17.5.9%2CN%3Btranslate%2C16.0.0%2CN%3Bsocialservices%2C17.5.2%2CN%3Bscale%2C17.5.0%2CN%3Bcompression%2C16.0.0%2CN%3Bsecurity%2C17.0.2%2CN%3Bsubscribe%2C17.5.0%2CN%3Bclouds%2C17.0.2%2CN%3Bbitrixcloud%2C17.0.1%2CN%3Biblock%2C17.5.3%2CN%3Bform%2C17.0.1%2CN%3Bbitrix.siteinfoportal%2C15.5.0%2CN%3Bfileman%2C17.5.9%2CN%3Benergosoft.grouping%2C1.0.1%2CN%3Bbitrix.sitepersonal%2C15.5.0%2CN%3Bui%2C17.5.2%2CN%3Bb24connector%2C17.0.1%2CN%3Bsearch%2C17.0.1%2CN%3Bvote%2C17.5.0%2CN%3Bbitrix.sitecorporate%2C15.5.0%2CN%3Bblog%2C17.5.7%2CN%3Bseo%2C17.5.1%2CN%3Bforum%2C17.5.2%2CN%3Bmobileapp%2C17.5.0%2CN%3Bdefa.tools%2C2.0.2%2CN%3Bperfmon%2C17.0.1%2CN%3Bhighloadblock%2C17.0.2%2CN%3Bphotogallery%2C17.0.2%2CN&reqm=bitrix.siteinfoportal%2Cenergosoft.grouping%2Cbitrix.sitepersonal%2Cbitrix.sitecorporate%2Cdefa.tools&fullmoduleinfo=Y&SUPD_SRS=RU&SUPD_CMP=N
2018-01-24 20:19:28 -  - exec CUpdateClientPartner::GetHTTPPage
2018-01-24 20:19:29 -  - TIME GetUpdatesList(request) 0.357 sec
2018-01-24 20:19:29 -  - exec CUpdateClientPartner::ParseServerData
2018-01-24 20:19:32 -  - exec CUpdateClientPartner::GetUpdatesList
2018-01-24 20:19:32 -  - exec CUpdateClientPartner::__CollectRequestData
2018-01-24 20:19:32 -  - utf=Y&lang=ru&stable=Y&CANGZIP=Y&SUPD_DBS=MYSQL&XE=N&CLIENT_SITE=sbswine.by&LICENSE_KEY=X&SUPD_STS=2&SUPD_URS=0&SUPD_URSA=2&TYPENC=E&CLIENT_PHPVER=7.0.17&NGINX=Y&dbv=5.5.52&instm=main%2C17.5.9%2CN%3Btranslate%2C16.0.0%2CN%3Bsocialservices%2C17.5.2%2CN%3Bscale%2C17.5.0%2CN%3Bcompression%2C16.0.0%2CN%3Bsecurity%2C17.0.2%2CN%3Bsubscribe%2C17.5.0%2CN%3Bclouds%2C17.0.2%2CN%3Bbitrixcloud%2C17.0.1%2CN%3Biblock%2C17.5.3%2CN%3Bform%2C17.0.1%2CN%3Bbitrix.siteinfoportal%2C15.5.0%2CN%3Bfileman%2C17.5.9%2CN%3Benergosoft.grouping%2C1.0.1%2CN%3Bbitrix.sitepersonal%2C15.5.0%2CN%3Bui%2C17.5.2%2CN%3Bb24connector%2C17.0.1%2CN%3Bsearch%2C17.0.1%2CN%3Bvote%2C17.5.0%2CN%3Bbitrix.sitecorporate%2C15.5.0%2CN%3Bblog%2C17.5.7%2CN%3Bseo%2C17.5.1%2CN%3Bforum%2C17.5.2%2CN%3Bmobileapp%2C17.5.0%2CN%3Bdefa.tools%2C2.0.2%2CN%3Bperfmon%2C17.0.1%2CN%3Bhighloadblock%2C17.0.2%2CN%3Bphotogallery%2C17.0.2%2CN&reqm=bitrix.siteinfoportal%2Cenergosoft.grouping%2Cbitrix.sitepersonal%2Cbitrix.sitecorporate%2Cdefa.tools&fullmoduleinfo=Y&SUPD_SRS=RU&SUPD_CMP=N
2018-01-24 20:19:32 -  - exec CUpdateClientPartner::GetHTTPPage
2018-01-24 20:19:32 -  - TIME GetUpdatesList(request) 0.277 sec
2018-01-24 20:19:32 -  - exec CUpdateClientPartner::ParseServerData
2018-01-24 20:19:32 -  - exec CUpdateClientPartner::GetUpdatesList
2018-01-24 20:19:32 -  - exec CUpdateClientPartner::__CollectRequestData
2018-01-24 20:19:32 -  - utf=Y&lang=ru&stable=Y&CANGZIP=Y&SUPD_DBS=MYSQL&XE=N&CLIENT_SITE=sbswine.by&LICENSE_KEY=X&SUPD_STS=2&SUPD_URS=0&SUPD_URSA=2&TYPENC=E&CLIENT_PHPVER=7.0.17&NGINX=Y&dbv=5.5.52&instm=main%2C17.5.9%2CN%3Btranslate%2C16.0.0%2CN%3Bsocialservices%2C17.5.2%2CN%3Bscale%2C17.5.0%2CN%3Bcompression%2C16.0.0%2CN%3Bsecurity%2C17.0.2%2CN%3Bsubscribe%2C17.5.0%2CN%3Bclouds%2C17.0.2%2CN%3Bbitrixcloud%2C17.0.1%2CN%3Biblock%2C17.5.3%2CN%3Bform%2C17.0.1%2CN%3Bbitrix.siteinfoportal%2C15.5.0%2CN%3Bfileman%2C17.5.9%2CN%3Benergosoft.grouping%2C1.0.1%2CN%3Bbitrix.sitepersonal%2C15.5.0%2CN%3Bui%2C17.5.2%2CN%3Bb24connector%2C17.0.1%2CN%3Bsearch%2C17.0.1%2CN%3Bvote%2C17.5.0%2CN%3Bbitrix.sitecorporate%2C15.5.0%2CN%3Bblog%2C17.5.7%2CN%3Bseo%2C17.5.1%2CN%3Bforum%2C17.5.2%2CN%3Bmobileapp%2C17.5.0%2CN%3Bperfmon%2C17.0.1%2CN%3Bhighloadblock%2C17.0.2%2CN%3Bphotogallery%2C17.0.2%2CN&reqm=bitrix.siteinfoportal%2Cenergosoft.grouping%2Cbitrix.sitepersonal%2Cbitrix.sitecorporate&fullmoduleinfo=Y&SUPD_SRS=RU&SUPD_CMP=N
2018-01-24 20:19:32 -  - exec CUpdateClientPartner::GetHTTPPage
2018-01-24 20:19:32 -  - TIME GetUpdatesList(request) 0.352 sec
2018-01-24 20:19:32 -  - exec CUpdateClientPartner::ParseServerData
2018-01-25 10:27:00 -  - exec CUpdateClientPartner::GetUpdatesList
2018-01-25 10:27:00 -  - exec CUpdateClientPartner::__CollectRequestData
2018-01-25 10:27:00 -  - utf=Y&lang=ru&stable=Y&CANGZIP=Y&SUPD_DBS=MYSQL&XE=N&CLIENT_SITE=sbswine.by&LICENSE_KEY=X&SUPD_STS=2&SUPD_URS=0&SUPD_URSA=2&TYPENC=E&CLIENT_PHPVER=7.0.17&NGINX=Y&dbv=5.5.52&instm=main%2C17.5.9%2CN%3Btranslate%2C16.0.0%2CN%3Bsocialservices%2C17.5.2%2CN%3Bscale%2C17.5.0%2CN%3Bcompression%2C16.0.0%2CN%3Bsecurity%2C17.0.2%2CN%3Bsubscribe%2C17.5.0%2CN%3Bclouds%2C17.0.2%2CN%3Bbitrixcloud%2C17.0.1%2CN%3Biblock%2C17.5.3%2CN%3Bform%2C17.0.1%2CN%3Bbitrix.siteinfoportal%2C15.5.0%2CN%3Bfileman%2C17.5.9%2CN%3Benergosoft.grouping%2C1.0.1%2CN%3Bbitrix.sitepersonal%2C15.5.0%2CN%3Bui%2C17.5.2%2CN%3Bb24connector%2C17.0.1%2CN%3Bsearch%2C17.0.1%2CN%3Bvote%2C17.5.0%2CN%3Bbitrix.sitecorporate%2C15.5.0%2CN%3Bblog%2C17.5.7%2CN%3Bseo%2C17.5.1%2CN%3Bforum%2C17.5.2%2CN%3Bmobileapp%2C17.5.0%2CN%3Bperfmon%2C17.0.1%2CN%3Bhighloadblock%2C17.0.2%2CN%3Bphotogallery%2C17.0.2%2CN&reqm=bitrix.siteinfoportal%2Cenergosoft.grouping%2Cbitrix.sitepersonal%2Cbitrix.sitecorporate&fullmoduleinfo=Y&SUPD_SRS=RU&SUPD_CMP=N
2018-01-25 10:27:00 -  - exec CUpdateClientPartner::GetHTTPPage
2018-01-25 10:27:00 -  - TIME GetUpdatesList(request) 0.296 sec
2018-01-25 10:27:00 -  - exec CUpdateClientPartner::ParseServerData
2018-01-25 10:27:12 -  - exec CUpdateClientPartner::GetUpdatesList
2018-01-25 10:27:12 -  - exec CUpdateClientPartner::__CollectRequestData
2018-01-25 10:27:12 -  - utf=Y&lang=ru&stable=Y&CANGZIP=Y&SUPD_DBS=MYSQL&XE=N&CLIENT_SITE=sbswine.by&LICENSE_KEY=X&SUPD_STS=2&SUPD_URS=0&SUPD_URSA=2&TYPENC=E&CLIENT_PHPVER=7.0.17&NGINX=Y&dbv=5.5.52&instm=main%2C17.5.9%2CN%3Btranslate%2C16.0.0%2CN%3Bsocialservices%2C17.5.2%2CN%3Bscale%2C17.5.0%2CN%3Bcompression%2C16.0.0%2CN%3Bsecurity%2C17.0.2%2CN%3Bsubscribe%2C17.5.0%2CN%3Bclouds%2C17.0.2%2CN%3Bbitrixcloud%2C17.0.1%2CN%3Biblock%2C17.5.3%2CN%3Bform%2C17.0.1%2CN%3Bbitrix.siteinfoportal%2C15.5.0%2CN%3Bfileman%2C17.5.9%2CN%3Benergosoft.grouping%2C1.0.1%2CN%3Bbitrix.sitepersonal%2C15.5.0%2CN%3Bui%2C17.5.2%2CN%3Bb24connector%2C17.0.1%2CN%3Bsearch%2C17.0.1%2CN%3Bvote%2C17.5.0%2CN%3Bbitrix.sitecorporate%2C15.5.0%2CN%3Bblog%2C17.5.7%2CN%3Bseo%2C17.5.1%2CN%3Bforum%2C17.5.2%2CN%3Bmobileapp%2C17.5.0%2CN%3Bperfmon%2C17.0.1%2CN%3Bhighloadblock%2C17.0.2%2CN%3Bphotogallery%2C17.0.2%2CN&reqm=bitrix.siteinfoportal%2Cenergosoft.grouping%2Cbitrix.sitepersonal%2Cbitrix.sitecorporate%2Cwebdebug.utilities&SUPD_SRS=RU&SUPD_CMP=N
2018-01-25 10:27:12 -  - exec CUpdateClientPartner::GetHTTPPage
2018-01-25 10:27:12 -  - TIME GetUpdatesList(request) 0.24 sec
2018-01-25 10:27:12 -  - exec CUpdateClientPartner::ParseServerData
2018-01-25 10:27:15 -  - exec CUpdateClientPartner::LoadModulesUpdates
2018-01-25 10:27:15 -  - exec CUpdateClientPartner::__CollectRequestData
2018-01-25 10:27:15 -  - utf=Y&lang=ru&stable=Y&CANGZIP=Y&SUPD_DBS=MYSQL&XE=N&CLIENT_SITE=sbswine.by&LICENSE_KEY=X&SUPD_STS=2&SUPD_URS=0&SUPD_URSA=2&TYPENC=E&CLIENT_PHPVER=7.0.17&NGINX=Y&dbv=5.5.52&instm=main%2C17.5.9%2CN%3Btranslate%2C16.0.0%2CN%3Bsocialservices%2C17.5.2%2CN%3Bscale%2C17.5.0%2CN%3Bcompression%2C16.0.0%2CN%3Bsecurity%2C17.0.2%2CN%3Bsubscribe%2C17.5.0%2CN%3Bclouds%2C17.0.2%2CN%3Bbitrixcloud%2C17.0.1%2CN%3Biblock%2C17.5.3%2CN%3Bform%2C17.0.1%2CN%3Bbitrix.siteinfoportal%2C15.5.0%2CN%3Bfileman%2C17.5.9%2CN%3Benergosoft.grouping%2C1.0.1%2CN%3Bbitrix.sitepersonal%2C15.5.0%2CN%3Bui%2C17.5.2%2CN%3Bb24connector%2C17.0.1%2CN%3Bsearch%2C17.0.1%2CN%3Bvote%2C17.5.0%2CN%3Bbitrix.sitecorporate%2C15.5.0%2CN%3Bblog%2C17.5.7%2CN%3Bseo%2C17.5.1%2CN%3Bforum%2C17.5.2%2CN%3Bmobileapp%2C17.5.0%2CN%3Bperfmon%2C17.0.1%2CN%3Bhighloadblock%2C17.0.2%2CN%3Bphotogallery%2C17.0.2%2CN&reqm=webdebug.utilities&lim=Y&SUPD_SRS=RU&SUPD_CMP=N
2018-01-25 10:27:15 -  - exec CUpdateClientPartner::GetHTTPPage
2018-01-25 10:27:16 -  - TIME LoadModulesUpdates(request) 0.263 sec
2018-01-25 10:27:16 -  - exec CUpdateClientPartner::ParseServerData
2018-01-25 10:27:16 - S - STEP
2018-01-25 10:27:16 - LMU01 - LoadModulesUpdates-Step
2018-01-25 10:27:16 -  - exec CUpdateClientPartner::LoadModulesUpdates
2018-01-25 10:27:16 -  - exec CUpdateClientPartner::ParseServerData
2018-01-25 10:27:16 -  - loadFile
2018-01-25 10:27:16 - U - RETURN
2018-01-25 10:27:16 -  - exec CUpdateClientPartner::UnGzipArchive
2018-01-25 10:27:16 -  - TIME UnGzipArchive 0.014 sec
2018-01-25 10:27:16 -  - TIME UpdateStepModules 0.019 sec
2018-01-25 10:27:16 - UPD_SUCCESS - Updated: webdebug.utilities
2018-01-25 10:27:16 -  - exec CUpdateClientPartner::LoadModulesUpdates
2018-01-25 10:27:16 -  - exec CUpdateClientPartner::__CollectRequestData
2018-01-25 10:27:16 -  - utf=Y&lang=ru&stable=Y&CANGZIP=Y&SUPD_DBS=MYSQL&XE=N&CLIENT_SITE=sbswine.by&LICENSE_KEY=X&SUPD_STS=2&SUPD_URS=0&SUPD_URSA=2&TYPENC=E&CLIENT_PHPVER=7.0.17&NGINX=Y&dbv=5.5.52&instm=main%2C17.5.9%2CN%3Btranslate%2C16.0.0%2CN%3Bsocialservices%2C17.5.2%2CN%3Bscale%2C17.5.0%2CN%3Bcompression%2C16.0.0%2CN%3Bsecurity%2C17.0.2%2CN%3Bsubscribe%2C17.5.0%2CN%3Bclouds%2C17.0.2%2CN%3Bbitrixcloud%2C17.0.1%2CN%3Biblock%2C17.5.3%2CN%3Bform%2C17.0.1%2CN%3Bbitrix.siteinfoportal%2C15.5.0%2CN%3Bfileman%2C17.5.9%2CN%3Benergosoft.grouping%2C1.0.1%2CN%3Bwebdebug.utilities%2C16.0.1%2CN%3Bbitrix.sitepersonal%2C15.5.0%2CN%3Bui%2C17.5.2%2CN%3Bb24connector%2C17.0.1%2CN%3Bsearch%2C17.0.1%2CN%3Bvote%2C17.5.0%2CN%3Bbitrix.sitecorporate%2C15.5.0%2CN%3Bblog%2C17.5.7%2CN%3Bseo%2C17.5.1%2CN%3Bforum%2C17.5.2%2CN%3Bmobileapp%2C17.5.0%2CN%3Bperfmon%2C17.0.1%2CN%3Bhighloadblock%2C17.0.2%2CN%3Bphotogallery%2C17.0.2%2CN&reqm=webdebug.utilities&lim=Y&SUPD_SRS=RU&SUPD_CMP=N
2018-01-25 10:27:16 -  - exec CUpdateClientPartner::GetHTTPPage
2018-01-25 10:27:16 -  - TIME LoadModulesUpdates(request) 0.258 sec
2018-01-25 10:27:16 -  - exec CUpdateClientPartner::ParseServerData
2018-01-25 10:27:16 - S - STEP
2018-01-25 10:27:16 - LMU01 - LoadModulesUpdates-Step
2018-01-25 10:27:16 -  - exec CUpdateClientPartner::LoadModulesUpdates
2018-01-25 10:27:16 -  - exec CUpdateClientPartner::ParseServerData
2018-01-25 10:27:16 -  - loadFile
2018-01-25 10:27:16 - U - RETURN
2018-01-25 10:27:16 -  - exec CUpdateClientPartner::UnGzipArchive
2018-01-25 10:27:16 -  - TIME UnGzipArchive 0.001 sec
2018-01-25 10:27:16 -  - TIME UpdateStepModules 0.001 sec
2018-01-25 10:27:16 - UPD_SUCCESS - Updated: webdebug.utilities (16.0.2)<br>Исправлена ошибка, возникающая на некоторых сайтах в момент начала сканирования файлов и папок при подсчете занимаемого пространства.
2018-01-25 10:27:16 -  - exec CUpdateClientPartner::LoadModulesUpdates
2018-01-25 10:27:16 -  - exec CUpdateClientPartner::__CollectRequestData
2018-01-25 10:27:16 -  - utf=Y&lang=ru&stable=Y&CANGZIP=Y&SUPD_DBS=MYSQL&XE=N&CLIENT_SITE=sbswine.by&LICENSE_KEY=X&SUPD_STS=2&SUPD_URS=0&SUPD_URSA=2&TYPENC=E&CLIENT_PHPVER=7.0.17&NGINX=Y&dbv=5.5.52&instm=main%2C17.5.9%2CN%3Btranslate%2C16.0.0%2CN%3Bsocialservices%2C17.5.2%2CN%3Bscale%2C17.5.0%2CN%3Bcompression%2C16.0.0%2CN%3Bsecurity%2C17.0.2%2CN%3Bsubscribe%2C17.5.0%2CN%3Bclouds%2C17.0.2%2CN%3Bbitrixcloud%2C17.0.1%2CN%3Biblock%2C17.5.3%2CN%3Bform%2C17.0.1%2CN%3Bbitrix.siteinfoportal%2C15.5.0%2CN%3Bfileman%2C17.5.9%2CN%3Benergosoft.grouping%2C1.0.1%2CN%3Bwebdebug.utilities%2C16.0.2%2CN%3Bbitrix.sitepersonal%2C15.5.0%2CN%3Bui%2C17.5.2%2CN%3Bb24connector%2C17.0.1%2CN%3Bsearch%2C17.0.1%2CN%3Bvote%2C17.5.0%2CN%3Bbitrix.sitecorporate%2C15.5.0%2CN%3Bblog%2C17.5.7%2CN%3Bseo%2C17.5.1%2CN%3Bforum%2C17.5.2%2CN%3Bmobileapp%2C17.5.0%2CN%3Bperfmon%2C17.0.1%2CN%3Bhighloadblock%2C17.0.2%2CN%3Bphotogallery%2C17.0.2%2CN&reqm=webdebug.utilities&lim=Y&SUPD_SRS=RU&SUPD_CMP=N
2018-01-25 10:27:16 -  - exec CUpdateClientPartner::GetHTTPPage
2018-01-25 10:27:17 -  - TIME LoadModulesUpdates(request) 0.259 sec
2018-01-25 10:27:17 -  - exec CUpdateClientPartner::ParseServerData
2018-01-25 10:27:17 - S - STEP
2018-01-25 10:27:17 - LMU01 - LoadModulesUpdates-Step
2018-01-25 10:27:17 -  - exec CUpdateClientPartner::LoadModulesUpdates
2018-01-25 10:27:17 -  - exec CUpdateClientPartner::ParseServerData
2018-01-25 10:27:17 -  - loadFile
2018-01-25 10:27:17 - U - RETURN
2018-01-25 10:27:17 -  - exec CUpdateClientPartner::UnGzipArchive
2018-01-25 10:27:17 -  - TIME UnGzipArchive 0.001 sec
2018-01-25 10:27:17 -  - TIME UpdateStepModules 0.001 sec
2018-01-25 10:27:17 - UPD_SUCCESS - Updated: webdebug.utilities (16.0.3)<br>Исправлена ошибка работы с планировщикм Cron, связанная с настройкой команд, содержащих специальные символы.
2018-01-25 10:27:17 -  - exec CUpdateClientPartner::LoadModulesUpdates
2018-01-25 10:27:17 -  - exec CUpdateClientPartner::__CollectRequestData
2018-01-25 10:27:17 -  - utf=Y&lang=ru&stable=Y&CANGZIP=Y&SUPD_DBS=MYSQL&XE=N&CLIENT_SITE=sbswine.by&LICENSE_KEY=X&SUPD_STS=2&SUPD_URS=0&SUPD_URSA=2&TYPENC=E&CLIENT_PHPVER=7.0.17&NGINX=Y&dbv=5.5.52&instm=main%2C17.5.9%2CN%3Btranslate%2C16.0.0%2CN%3Bsocialservices%2C17.5.2%2CN%3Bscale%2C17.5.0%2CN%3Bcompression%2C16.0.0%2CN%3Bsecurity%2C17.0.2%2CN%3Bsubscribe%2C17.5.0%2CN%3Bclouds%2C17.0.2%2CN%3Bbitrixcloud%2C17.0.1%2CN%3Biblock%2C17.5.3%2CN%3Bform%2C17.0.1%2CN%3Bbitrix.siteinfoportal%2C15.5.0%2CN%3Bfileman%2C17.5.9%2CN%3Benergosoft.grouping%2C1.0.1%2CN%3Bwebdebug.utilities%2C16.0.3%2CN%3Bbitrix.sitepersonal%2C15.5.0%2CN%3Bui%2C17.5.2%2CN%3Bb24connector%2C17.0.1%2CN%3Bsearch%2C17.0.1%2CN%3Bvote%2C17.5.0%2CN%3Bbitrix.sitecorporate%2C15.5.0%2CN%3Bblog%2C17.5.7%2CN%3Bseo%2C17.5.1%2CN%3Bforum%2C17.5.2%2CN%3Bmobileapp%2C17.5.0%2CN%3Bperfmon%2C17.0.1%2CN%3Bhighloadblock%2C17.0.2%2CN%3Bphotogallery%2C17.0.2%2CN&reqm=webdebug.utilities&lim=Y&SUPD_SRS=RU&SUPD_CMP=N
2018-01-25 10:27:17 -  - exec CUpdateClientPartner::GetHTTPPage
2018-01-25 10:27:17 -  - TIME LoadModulesUpdates(request) 0.231 sec
2018-01-25 10:27:17 -  - exec CUpdateClientPartner::ParseServerData
2018-01-25 10:27:17 - STEP - Finish - NOUPDATES
2018-01-25 10:27:17 - STEP - Finish - NOUPDATES
2018-01-25 10:27:18 -  - exec CUpdateClientPartner::GetUpdatesList
2018-01-25 10:27:18 -  - exec CUpdateClientPartner::__CollectRequestData
2018-01-25 10:27:18 -  - utf=Y&lang=ru&stable=Y&CANGZIP=Y&SUPD_DBS=MYSQL&XE=N&CLIENT_SITE=sbswine.by&LICENSE_KEY=X&SUPD_STS=2&SUPD_URS=0&SUPD_URSA=2&TYPENC=E&CLIENT_PHPVER=7.0.17&NGINX=Y&dbv=5.5.52&instm=main%2C17.5.9%2CN%3Btranslate%2C16.0.0%2CN%3Bsocialservices%2C17.5.2%2CN%3Bscale%2C17.5.0%2CN%3Bcompression%2C16.0.0%2CN%3Bsecurity%2C17.0.2%2CN%3Bsubscribe%2C17.5.0%2CN%3Bclouds%2C17.0.2%2CN%3Bbitrixcloud%2C17.0.1%2CN%3Biblock%2C17.5.3%2CN%3Bform%2C17.0.1%2CN%3Bbitrix.siteinfoportal%2C15.5.0%2CN%3Bfileman%2C17.5.9%2CN%3Benergosoft.grouping%2C1.0.1%2CN%3Bwebdebug.utilities%2C16.0.3%2CN%3Bbitrix.sitepersonal%2C15.5.0%2CN%3Bui%2C17.5.2%2CN%3Bb24connector%2C17.0.1%2CN%3Bsearch%2C17.0.1%2CN%3Bvote%2C17.5.0%2CN%3Bbitrix.sitecorporate%2C15.5.0%2CN%3Bblog%2C17.5.7%2CN%3Bseo%2C17.5.1%2CN%3Bforum%2C17.5.2%2CN%3Bmobileapp%2C17.5.0%2CN%3Bperfmon%2C17.0.1%2CN%3Bhighloadblock%2C17.0.2%2CN%3Bphotogallery%2C17.0.2%2CN&reqm=bitrix.siteinfoportal%2Cenergosoft.grouping%2Cwebdebug.utilities%2Cbitrix.sitepersonal%2Cbitrix.sitecorporate&fullmoduleinfo=Y&SUPD_SRS=RU&SUPD_CMP=N
2018-01-25 10:27:18 -  - exec CUpdateClientPartner::GetHTTPPage
2018-01-25 10:27:18 -  - TIME GetUpdatesList(request) 0.256 sec
2018-01-25 10:27:18 -  - exec CUpdateClientPartner::ParseServerData
2018-01-25 10:27:19 -  - exec CUpdateClientPartner::GetUpdatesList
2018-01-25 10:27:19 -  - exec CUpdateClientPartner::__CollectRequestData
2018-01-25 10:27:19 -  - utf=Y&lang=ru&stable=Y&CANGZIP=Y&SUPD_DBS=MYSQL&XE=N&CLIENT_SITE=sbswine.by&LICENSE_KEY=X&SUPD_STS=2&SUPD_URS=0&SUPD_URSA=2&TYPENC=E&CLIENT_PHPVER=7.0.17&NGINX=Y&dbv=5.5.52&instm=main%2C17.5.9%2CN%3Btranslate%2C16.0.0%2CN%3Bsocialservices%2C17.5.2%2CN%3Bscale%2C17.5.0%2CN%3Bcompression%2C16.0.0%2CN%3Bsecurity%2C17.0.2%2CN%3Bsubscribe%2C17.5.0%2CN%3Bclouds%2C17.0.2%2CN%3Bbitrixcloud%2C17.0.1%2CN%3Biblock%2C17.5.3%2CN%3Bform%2C17.0.1%2CN%3Bbitrix.siteinfoportal%2C15.5.0%2CN%3Bfileman%2C17.5.9%2CN%3Benergosoft.grouping%2C1.0.1%2CN%3Bwebdebug.utilities%2C16.0.3%2CN%3Bbitrix.sitepersonal%2C15.5.0%2CN%3Bui%2C17.5.2%2CN%3Bb24connector%2C17.0.1%2CN%3Bsearch%2C17.0.1%2CN%3Bvote%2C17.5.0%2CN%3Bbitrix.sitecorporate%2C15.5.0%2CN%3Bblog%2C17.5.7%2CN%3Bseo%2C17.5.1%2CN%3Bforum%2C17.5.2%2CN%3Bmobileapp%2C17.5.0%2CN%3Bperfmon%2C17.0.1%2CN%3Bhighloadblock%2C17.0.2%2CN%3Bphotogallery%2C17.0.2%2CN&reqm=bitrix.siteinfoportal%2Cenergosoft.grouping%2Cwebdebug.utilities%2Cbitrix.sitepersonal%2Cbitrix.sitecorporate&fullmoduleinfo=Y&SUPD_SRS=RU&SUPD_CMP=N
2018-01-25 10:27:19 -  - exec CUpdateClientPartner::GetHTTPPage
2018-01-25 10:27:19 -  - TIME GetUpdatesList(request) 0.259 sec
2018-01-25 10:27:19 -  - exec CUpdateClientPartner::ParseServerData
2018-02-21 10:39:22 -  - exec CUpdateClientPartner::GetUpdatesList
2018-02-21 10:39:22 -  - exec CUpdateClientPartner::__CollectRequestData
2018-02-21 10:39:22 -  - utf=Y&lang=ru&stable=Y&CANGZIP=Y&SUPD_DBS=MYSQL&XE=N&CLIENT_SITE=sbswine.by&LICENSE_KEY=X&SUPD_STS=2&SUPD_URS=0&SUPD_URSA=2&TYPENC=E&CLIENT_PHPVER=7.0.17&NGINX=Y&dbv=5.5.52&instm=main%2C17.5.9%2CN%3Btranslate%2C16.0.0%2CN%3Bsocialservices%2C17.5.2%2CN%3Bscale%2C17.5.0%2CN%3Bcompression%2C16.0.0%2CN%3Bsecurity%2C17.0.2%2CN%3Bsubscribe%2C17.5.0%2CN%3Bclouds%2C17.0.2%2CN%3Bbitrixcloud%2C17.0.1%2CN%3Biblock%2C17.5.4%2CN%3Bform%2C17.0.1%2CN%3Bbitrix.siteinfoportal%2C15.5.0%2CN%3Bfileman%2C17.5.9%2CN%3Benergosoft.grouping%2C1.0.1%2CN%3Bwebdebug.utilities%2C16.0.3%2CN%3Bbitrix.sitepersonal%2C15.5.0%2CN%3Bui%2C17.5.4%2CN%3Bb24connector%2C17.0.1%2CN%3Bsearch%2C17.0.1%2CN%3Bvote%2C17.5.0%2CN%3Bbitrix.sitecorporate%2C15.5.0%2CN%3Bblog%2C17.5.7%2CN%3Bseo%2C17.5.2%2CN%3Bforum%2C17.5.2%2CN%3Bmobileapp%2C17.5.0%2CN%3Bperfmon%2C17.0.1%2CN%3Bhighloadblock%2C17.5.0%2CN%3Bphotogallery%2C17.0.2%2CN&reqm=bitrix.siteinfoportal%2Cenergosoft.grouping%2Cwebdebug.utilities%2Cbitrix.sitepersonal%2Cbitrix.sitecorporate&fullmoduleinfo=Y&SUPD_SRS=RU&SUPD_CMP=N
2018-02-21 10:39:22 -  - exec CUpdateClientPartner::GetHTTPPage
2018-02-21 10:39:23 -  - TIME GetUpdatesList(request) 0.279 sec
2018-02-21 10:39:23 -  - exec CUpdateClientPartner::ParseServerData
2018-03-05 15:17:31 -  - exec CUpdateClientPartner::GetUpdatesList
2018-03-05 15:17:31 -  - exec CUpdateClientPartner::__CollectRequestData
2018-03-05 15:17:31 -  - utf=Y&lang=ru&stable=Y&CANGZIP=Y&SUPD_DBS=MYSQL&XE=N&CLIENT_SITE=sbswine.by&LICENSE_KEY=X&SUPD_STS=2&SUPD_URS=0&SUPD_URSA=2&TYPENC=E&CLIENT_PHPVER=7.0.17&NGINX=Y&dbv=5.5.52&instm=main%2C17.5.9%2CN%3Btranslate%2C16.0.0%2CN%3Bsocialservices%2C17.5.3%2CN%3Bscale%2C17.5.0%2CN%3Bcompression%2C16.0.0%2CN%3Bsecurity%2C17.0.2%2CN%3Bsubscribe%2C17.5.0%2CN%3Bclouds%2C17.0.2%2CN%3Bbitrixcloud%2C17.0.1%2CN%3Biblock%2C17.5.4%2CN%3Bform%2C17.0.1%2CN%3Bbitrix.siteinfoportal%2C15.5.0%2CN%3Bfileman%2C17.5.9%2CN%3Benergosoft.grouping%2C1.0.1%2CN%3Bwebdebug.utilities%2C16.0.3%2CN%3Bbitrix.sitepersonal%2C15.5.0%2CN%3Bui%2C17.5.4%2CN%3Bb24connector%2C17.5.0%2CN%3Bsearch%2C17.0.1%2CN%3Bvote%2C17.5.0%2CN%3Bbitrix.sitecorporate%2C15.5.0%2CN%3Bblog%2C17.5.7%2CN%3Bseo%2C17.5.2%2CN%3Bforum%2C17.5.2%2CN%3Bmobileapp%2C17.5.0%2CN%3Bperfmon%2C17.0.1%2CN%3Bhighloadblock%2C17.5.0%2CN%3Bphotogallery%2C17.0.2%2CN&reqm=bitrix.siteinfoportal%2Cenergosoft.grouping%2Cwebdebug.utilities%2Cbitrix.sitepersonal%2Cbitrix.sitecorporate%2Cprominado.redirect&SUPD_SRS=RU&SUPD_CMP=Y
2018-03-05 15:17:31 -  - exec CUpdateClientPartner::GetHTTPPage
2018-03-05 15:17:31 -  - TIME GetUpdatesList(request) 0.319 sec
2018-03-05 15:17:31 -  - exec CUpdateClientPartner::ParseServerData
2018-03-05 15:17:37 -  - exec CUpdateClientPartner::LoadModulesUpdates
2018-03-05 15:17:37 -  - exec CUpdateClientPartner::__CollectRequestData
2018-03-05 15:17:37 -  - utf=Y&lang=ru&stable=Y&CANGZIP=Y&SUPD_DBS=MYSQL&XE=N&CLIENT_SITE=sbswine.by&LICENSE_KEY=X&SUPD_STS=2&SUPD_URS=0&SUPD_URSA=2&TYPENC=E&CLIENT_PHPVER=7.0.17&NGINX=Y&dbv=5.5.52&instm=main%2C17.5.9%2CN%3Btranslate%2C16.0.0%2CN%3Bsocialservices%2C17.5.3%2CN%3Bscale%2C17.5.0%2CN%3Bcompression%2C16.0.0%2CN%3Bsecurity%2C17.0.2%2CN%3Bsubscribe%2C17.5.0%2CN%3Bclouds%2C17.0.2%2CN%3Bbitrixcloud%2C17.0.1%2CN%3Biblock%2C17.5.4%2CN%3Bform%2C17.0.1%2CN%3Bbitrix.siteinfoportal%2C15.5.0%2CN%3Bfileman%2C17.5.9%2CN%3Benergosoft.grouping%2C1.0.1%2CN%3Bwebdebug.utilities%2C16.0.3%2CN%3Bbitrix.sitepersonal%2C15.5.0%2CN%3Bui%2C17.5.4%2CN%3Bb24connector%2C17.5.0%2CN%3Bsearch%2C17.0.1%2CN%3Bvote%2C17.5.0%2CN%3Bbitrix.sitecorporate%2C15.5.0%2CN%3Bblog%2C17.5.7%2CN%3Bseo%2C17.5.2%2CN%3Bforum%2C17.5.2%2CN%3Bmobileapp%2C17.5.0%2CN%3Bperfmon%2C17.0.1%2CN%3Bhighloadblock%2C17.5.0%2CN%3Bphotogallery%2C17.0.2%2CN&reqm=prominado.redirect&lim=Y&SUPD_SRS=RU&SUPD_CMP=Y
2018-03-05 15:17:37 -  - exec CUpdateClientPartner::GetHTTPPage
2018-03-05 15:17:38 -  - TIME LoadModulesUpdates(request) 0.264 sec
2018-03-05 15:17:38 -  - exec CUpdateClientPartner::ParseServerData
2018-03-05 15:17:38 - S - STEP
2018-03-05 15:17:38 - LMU01 - LoadModulesUpdates-Step
2018-03-05 15:17:38 -  - exec CUpdateClientPartner::LoadModulesUpdates
2018-03-05 15:17:38 -  - exec CUpdateClientPartner::ParseServerData
2018-03-05 15:17:38 -  - loadFile
2018-03-05 15:17:38 - U - RETURN
2018-03-05 15:17:38 -  - exec CUpdateClientPartner::UnGzipArchive
2018-03-05 15:17:38 -  - TIME UnGzipArchive 0.004 sec
2018-03-05 15:17:38 -  - TIME UpdateStepModules 0.004 sec
2018-03-05 15:17:38 - UPD_SUCCESS - Updated: prominado.redirect
2018-03-05 15:17:38 -  - exec CUpdateClientPartner::LoadModulesUpdates
2018-03-05 15:17:38 -  - exec CUpdateClientPartner::__CollectRequestData
2018-03-05 15:17:38 -  - utf=Y&lang=ru&stable=Y&CANGZIP=Y&SUPD_DBS=MYSQL&XE=N&CLIENT_SITE=sbswine.by&LICENSE_KEY=X&SUPD_STS=2&SUPD_URS=0&SUPD_URSA=2&TYPENC=E&CLIENT_PHPVER=7.0.17&NGINX=Y&dbv=5.5.52&instm=main%2C17.5.9%2CN%3Btranslate%2C16.0.0%2CN%3Bprominado.redirect%2C1.0.2%2CN%3Bsocialservices%2C17.5.3%2CN%3Bscale%2C17.5.0%2CN%3Bcompression%2C16.0.0%2CN%3Bsecurity%2C17.0.2%2CN%3Bsubscribe%2C17.5.0%2CN%3Bclouds%2C17.0.2%2CN%3Bbitrixcloud%2C17.0.1%2CN%3Biblock%2C17.5.4%2CN%3Bform%2C17.0.1%2CN%3Bbitrix.siteinfoportal%2C15.5.0%2CN%3Bfileman%2C17.5.9%2CN%3Benergosoft.grouping%2C1.0.1%2CN%3Bwebdebug.utilities%2C16.0.3%2CN%3Bbitrix.sitepersonal%2C15.5.0%2CN%3Bui%2C17.5.4%2CN%3Bb24connector%2C17.5.0%2CN%3Bsearch%2C17.0.1%2CN%3Bvote%2C17.5.0%2CN%3Bbitrix.sitecorporate%2C15.5.0%2CN%3Bblog%2C17.5.7%2CN%3Bseo%2C17.5.2%2CN%3Bforum%2C17.5.2%2CN%3Bmobileapp%2C17.5.0%2CN%3Bperfmon%2C17.0.1%2CN%3Bhighloadblock%2C17.5.0%2CN%3Bphotogallery%2C17.0.2%2CN&reqm=prominado.redirect&lim=Y&SUPD_SRS=RU&SUPD_CMP=Y
2018-03-05 15:17:38 -  - exec CUpdateClientPartner::GetHTTPPage
2018-03-05 15:17:38 -  - TIME LoadModulesUpdates(request) 0.256 sec
2018-03-05 15:17:38 -  - exec CUpdateClientPartner::ParseServerData
2018-03-05 15:17:38 - STEP - Finish - NOUPDATES
2018-03-05 15:17:38 - STEP - Finish - NOUPDATES
2018-03-05 15:17:39 -  - exec CUpdateClientPartner::GetUpdatesList
2018-03-05 15:17:39 -  - exec CUpdateClientPartner::__CollectRequestData
2018-03-05 15:17:39 -  - utf=Y&lang=ru&stable=Y&CANGZIP=Y&SUPD_DBS=MYSQL&XE=N&CLIENT_SITE=sbswine.by&LICENSE_KEY=X&SUPD_STS=2&SUPD_URS=0&SUPD_URSA=2&TYPENC=E&CLIENT_PHPVER=7.0.17&NGINX=Y&dbv=5.5.52&instm=main%2C17.5.9%2CN%3Btranslate%2C16.0.0%2CN%3Bprominado.redirect%2C1.0.2%2CN%3Bsocialservices%2C17.5.3%2CN%3Bscale%2C17.5.0%2CN%3Bcompression%2C16.0.0%2CN%3Bsecurity%2C17.0.2%2CN%3Bsubscribe%2C17.5.0%2CN%3Bclouds%2C17.0.2%2CN%3Bbitrixcloud%2C17.0.1%2CN%3Biblock%2C17.5.4%2CN%3Bform%2C17.0.1%2CN%3Bbitrix.siteinfoportal%2C15.5.0%2CN%3Bfileman%2C17.5.9%2CN%3Benergosoft.grouping%2C1.0.1%2CN%3Bwebdebug.utilities%2C16.0.3%2CN%3Bbitrix.sitepersonal%2C15.5.0%2CN%3Bui%2C17.5.4%2CN%3Bb24connector%2C17.5.0%2CN%3Bsearch%2C17.0.1%2CN%3Bvote%2C17.5.0%2CN%3Bbitrix.sitecorporate%2C15.5.0%2CN%3Bblog%2C17.5.7%2CN%3Bseo%2C17.5.2%2CN%3Bforum%2C17.5.2%2CN%3Bmobileapp%2C17.5.0%2CN%3Bperfmon%2C17.0.1%2CN%3Bhighloadblock%2C17.5.0%2CN%3Bphotogallery%2C17.0.2%2CN&reqm=prominado.redirect%2Cbitrix.siteinfoportal%2Cenergosoft.grouping%2Cwebdebug.utilities%2Cbitrix.sitepersonal%2Cbitrix.sitecorporate&fullmoduleinfo=Y&SUPD_SRS=RU&SUPD_CMP=Y
2018-03-05 15:17:39 -  - exec CUpdateClientPartner::GetHTTPPage
2018-03-05 15:17:40 -  - TIME GetUpdatesList(request) 0.275 sec
2018-03-05 15:17:40 -  - exec CUpdateClientPartner::ParseServerData
2018-03-05 15:17:40 -  - exec CUpdateClientPartner::GetUpdatesList
2018-03-05 15:17:40 -  - exec CUpdateClientPartner::__CollectRequestData
2018-03-05 15:17:40 -  - utf=Y&lang=ru&stable=Y&CANGZIP=Y&SUPD_DBS=MYSQL&XE=N&CLIENT_SITE=sbswine.by&LICENSE_KEY=X&SUPD_STS=2&SUPD_URS=0&SUPD_URSA=2&TYPENC=E&CLIENT_PHPVER=7.0.17&NGINX=Y&dbv=5.5.52&instm=main%2C17.5.9%2CN%3Btranslate%2C16.0.0%2CN%3Bprominado.redirect%2C1.0.2%2CN%3Bsocialservices%2C17.5.3%2CN%3Bscale%2C17.5.0%2CN%3Bcompression%2C16.0.0%2CN%3Bsecurity%2C17.0.2%2CN%3Bsubscribe%2C17.5.0%2CN%3Bclouds%2C17.0.2%2CN%3Bbitrixcloud%2C17.0.1%2CN%3Biblock%2C17.5.4%2CN%3Bform%2C17.0.1%2CN%3Bbitrix.siteinfoportal%2C15.5.0%2CN%3Bfileman%2C17.5.9%2CN%3Benergosoft.grouping%2C1.0.1%2CN%3Bwebdebug.utilities%2C16.0.3%2CN%3Bbitrix.sitepersonal%2C15.5.0%2CN%3Bui%2C17.5.4%2CN%3Bb24connector%2C17.5.0%2CN%3Bsearch%2C17.0.1%2CN%3Bvote%2C17.5.0%2CN%3Bbitrix.sitecorporate%2C15.5.0%2CN%3Bblog%2C17.5.7%2CN%3Bseo%2C17.5.2%2CN%3Bforum%2C17.5.2%2CN%3Bmobileapp%2C17.5.0%2CN%3Bperfmon%2C17.0.1%2CN%3Bhighloadblock%2C17.5.0%2CN%3Bphotogallery%2C17.0.2%2CN&reqm=prominado.redirect%2Cbitrix.siteinfoportal%2Cenergosoft.grouping%2Cwebdebug.utilities%2Cbitrix.sitepersonal%2Cbitrix.sitecorporate&fullmoduleinfo=Y&SUPD_SRS=RU&SUPD_CMP=Y
2018-03-05 15:17:40 -  - exec CUpdateClientPartner::GetHTTPPage
2018-03-05 15:17:40 -  - TIME GetUpdatesList(request) 0.257 sec
2018-03-05 15:17:40 -  - exec CUpdateClientPartner::ParseServerData
2018-03-23 00:02:28 -  - exec CUpdateClientPartner::GetUpdatesList
2018-03-23 00:02:28 -  - exec CUpdateClientPartner::__CollectRequestData
2018-03-23 00:02:28 -  - utf=Y&lang=ru&stable=Y&CANGZIP=Y&SUPD_DBS=MYSQL&XE=N&CLIENT_SITE=sbswine.by&LICENSE_KEY=X&SUPD_STS=2&SUPD_URS=0&SUPD_URSA=2&TYPENC=E&CLIENT_PHPVER=7.0.17&NGINX=Y&dbv=5.5.52&instm=main%2C17.5.10%2CN%3Btranslate%2C16.0.0%2CN%3Bprominado.redirect%2C1.0.2%2CN%3Bsocialservices%2C17.5.4%2CN%3Bscale%2C17.5.0%2CN%3Bcompression%2C16.0.0%2CN%3Bsecurity%2C17.0.2%2CN%3Bsubscribe%2C17.5.0%2CN%3Bclouds%2C17.0.2%2CN%3Bbitrixcloud%2C17.0.1%2CN%3Biblock%2C17.5.5%2CN%3Bform%2C17.0.1%2CN%3Bbitrix.siteinfoportal%2C15.5.0%2CN%3Bfileman%2C17.5.9%2CN%3Benergosoft.grouping%2C1.0.1%2CN%3Bwebdebug.utilities%2C16.0.3%2CN%3Bbitrix.sitepersonal%2C15.5.0%2CN%3Bui%2C17.5.4%2CN%3Bb24connector%2C17.5.0%2CN%3Bsearch%2C17.0.1%2CN%3Bvote%2C17.5.0%2CN%3Bbitrix.sitecorporate%2C15.5.0%2CN%3Bblog%2C17.5.7%2CN%3Bseo%2C17.5.2%2CN%3Bforum%2C17.5.2%2CN%3Bmobileapp%2C17.5.0%2CN%3Bperfmon%2C17.0.1%2CN%3Bhighloadblock%2C17.5.0%2CN%3Bphotogallery%2C17.0.2%2CN&reqm=prominado.redirect%2Cbitrix.siteinfoportal%2Cenergosoft.grouping%2Cwebdebug.utilities%2Cbitrix.sitepersonal%2Cbitrix.sitecorporate&fullmoduleinfo=Y&SUPD_SRS=RU&SUPD_CMP=Y
2018-03-23 00:02:28 -  - exec CUpdateClientPartner::GetHTTPPage
2018-03-23 00:02:29 -  - TIME GetUpdatesList(request) 0.4 sec
2018-03-23 00:02:29 -  - exec CUpdateClientPartner::ParseServerData
2018-04-12 10:17:25 -  - exec CUpdateClientPartner::GetUpdatesList
2018-04-12 10:17:25 -  - exec CUpdateClientPartner::__CollectRequestData
2018-04-12 10:17:25 -  - utf=Y&lang=ru&stable=Y&CANGZIP=Y&SUPD_DBS=MYSQL&XE=N&CLIENT_SITE=sbswine.by&LICENSE_KEY=X&SUPD_STS=2&SUPD_URS=0&SUPD_URSA=2&TYPENC=E&CLIENT_PHPVER=7.0.17&NGINX=Y&dbv=5.5.52&instm=main%2C17.5.10%2CN%3Btranslate%2C16.0.0%2CN%3Bprominado.redirect%2C1.0.2%2CN%3Bsocialservices%2C17.5.4%2CN%3Bscale%2C17.5.0%2CN%3Bcompression%2C16.0.0%2CN%3Bsecurity%2C17.0.2%2CN%3Bsubscribe%2C17.5.0%2CN%3Bclouds%2C17.0.2%2CN%3Bbitrixcloud%2C17.0.1%2CN%3Biblock%2C17.5.5%2CN%3Bform%2C17.0.1%2CN%3Bbitrix.siteinfoportal%2C15.5.0%2CN%3Bfileman%2C17.5.9%2CN%3Benergosoft.grouping%2C1.0.1%2CN%3Bwebdebug.utilities%2C16.0.3%2CN%3Bbitrix.sitepersonal%2C15.5.0%2CN%3Bui%2C17.5.4%2CN%3Bb24connector%2C17.5.0%2CN%3Bsearch%2C17.0.1%2CN%3Bvote%2C17.5.0%2CN%3Bbitrix.sitecorporate%2C15.5.0%2CN%3Bblog%2C17.5.7%2CN%3Bseo%2C17.5.2%2CN%3Bforum%2C17.5.2%2CN%3Bmobileapp%2C17.5.0%2CN%3Bperfmon%2C17.0.1%2CN%3Bhighloadblock%2C17.5.0%2CN%3Bphotogallery%2C17.0.2%2CN&reqm=prominado.redirect%2Cbitrix.siteinfoportal%2Cenergosoft.grouping%2Cwebdebug.utilities%2Cbitrix.sitepersonal%2Cbitrix.sitecorporate&SUPD_SRS=RU&SUPD_CMP=Y
2018-04-12 10:17:25 -  - exec CUpdateClientPartner::GetHTTPPage
2018-04-12 10:17:25 -  - TIME GetUpdatesList(request) 0.291 sec
2018-04-12 10:17:25 -  - exec CUpdateClientPartner::ParseServerData
2018-04-12 10:17:26 -  - exec CUpdateClientPartner::GetUpdatesList
2018-04-12 10:17:26 -  - exec CUpdateClientPartner::__CollectRequestData
2018-04-12 10:17:26 -  - utf=Y&lang=ru&stable=Y&CANGZIP=Y&SUPD_DBS=MYSQL&XE=N&CLIENT_SITE=sbswine.by&LICENSE_KEY=X&SUPD_STS=2&SUPD_URS=0&SUPD_URSA=2&TYPENC=E&CLIENT_PHPVER=7.0.17&NGINX=Y&dbv=5.5.52&instm=main%2C17.5.10%2CN%3Btranslate%2C16.0.0%2CN%3Bprominado.redirect%2C1.0.2%2CN%3Bsocialservices%2C17.5.4%2CN%3Bscale%2C17.5.0%2CN%3Bcompression%2C16.0.0%2CN%3Bsecurity%2C17.0.2%2CN%3Bsubscribe%2C17.5.0%2CN%3Bclouds%2C17.0.2%2CN%3Bbitrixcloud%2C17.0.1%2CN%3Biblock%2C17.5.5%2CN%3Bform%2C17.0.1%2CN%3Bbitrix.siteinfoportal%2C15.5.0%2CN%3Bfileman%2C17.5.9%2CN%3Benergosoft.grouping%2C1.0.1%2CN%3Bwebdebug.utilities%2C16.0.3%2CN%3Bbitrix.sitepersonal%2C15.5.0%2CN%3Bui%2C17.5.4%2CN%3Bb24connector%2C17.5.0%2CN%3Bsearch%2C17.0.1%2CN%3Bvote%2C17.5.0%2CN%3Bbitrix.sitecorporate%2C15.5.0%2CN%3Bblog%2C17.5.7%2CN%3Bseo%2C17.5.2%2CN%3Bforum%2C17.5.2%2CN%3Bmobileapp%2C17.5.0%2CN%3Bperfmon%2C17.0.1%2CN%3Bhighloadblock%2C17.5.0%2CN%3Bphotogallery%2C17.0.2%2CN&reqm=prominado.redirect%2Cbitrix.siteinfoportal%2Cenergosoft.grouping%2Cwebdebug.utilities%2Cbitrix.sitepersonal%2Cbitrix.sitecorporate&fullmoduleinfo=Y&SUPD_SRS=RU&SUPD_CMP=Y
2018-04-12 10:17:26 -  - exec CUpdateClientPartner::GetHTTPPage
2018-04-12 10:17:27 -  - TIME GetUpdatesList(request) 0.266 sec
2018-04-12 10:17:27 -  - exec CUpdateClientPartner::ParseServerData
2018-04-12 20:21:40 -  - exec CUpdateClientPartner::GetUpdatesList
2018-04-12 20:21:40 -  - exec CUpdateClientPartner::__CollectRequestData
2018-04-12 20:21:40 -  - utf=Y&lang=ru&stable=Y&CANGZIP=Y&SUPD_DBS=MYSQL&XE=N&CLIENT_SITE=sbswine.by&LICENSE_KEY=X&SUPD_STS=2&SUPD_URS=0&SUPD_URSA=2&TYPENC=E&CLIENT_PHPVER=7.0.17&NGINX=Y&dbv=5.5.52&instm=main%2C17.5.10%2CN%3Btranslate%2C16.0.0%2CN%3Bprominado.redirect%2C1.0.2%2CN%3Bsocialservices%2C17.5.4%2CN%3Bscale%2C17.5.0%2CN%3Bcompression%2C16.0.0%2CN%3Bsecurity%2C17.0.2%2CN%3Bsubscribe%2C17.5.0%2CN%3Bclouds%2C17.0.2%2CN%3Bbitrixcloud%2C17.0.1%2CN%3Biblock%2C17.5.5%2CN%3Bform%2C17.0.1%2CN%3Bbitrix.siteinfoportal%2C15.5.0%2CN%3Bfileman%2C17.5.9%2CN%3Benergosoft.grouping%2C1.0.1%2CN%3Bwebdebug.utilities%2C16.0.3%2CN%3Bbitrix.sitepersonal%2C15.5.0%2CN%3Bui%2C17.5.4%2CN%3Bb24connector%2C17.5.0%2CN%3Bsearch%2C17.0.1%2CN%3Bvote%2C17.5.0%2CN%3Bbitrix.sitecorporate%2C15.5.0%2CN%3Bblog%2C17.5.7%2CN%3Bseo%2C17.5.2%2CN%3Bforum%2C17.5.2%2CN%3Bmobileapp%2C17.5.0%2CN%3Bperfmon%2C17.0.1%2CN%3Bhighloadblock%2C17.5.0%2CN%3Bphotogallery%2C17.0.2%2CN&reqm=prominado.redirect%2Cbitrix.siteinfoportal%2Cenergosoft.grouping%2Cwebdebug.utilities%2Cbitrix.sitepersonal%2Cbitrix.sitecorporate&fullmoduleinfo=Y&SUPD_SRS=RU&SUPD_CMP=Y
2018-04-12 20:21:40 -  - exec CUpdateClientPartner::GetHTTPPage
2018-04-12 20:21:41 -  - TIME GetUpdatesList(request) 0.286 sec
2018-04-12 20:21:41 -  - exec CUpdateClientPartner::ParseServerData
2018-04-12 21:57:24 -  - exec CUpdateClientPartner::GetUpdatesList
2018-04-12 21:57:24 -  - exec CUpdateClientPartner::__CollectRequestData
2018-04-12 21:57:24 -  - utf=Y&lang=ru&stable=Y&CANGZIP=Y&SUPD_DBS=MYSQL&XE=N&CLIENT_SITE=sbswine.by&LICENSE_KEY=X&SUPD_STS=2&SUPD_URS=0&SUPD_URSA=2&TYPENC=E&CLIENT_PHPVER=7.0.17&NGINX=Y&dbv=5.5.52&instm=main%2C17.5.10%2CN%3Btranslate%2C16.0.0%2CN%3Bprominado.redirect%2C1.0.2%2CN%3Bsocialservices%2C17.5.4%2CN%3Bscale%2C17.5.0%2CN%3Bcompression%2C16.0.0%2CN%3Bsecurity%2C17.0.2%2CN%3Bsubscribe%2C17.5.0%2CN%3Bclouds%2C17.0.2%2CN%3Bbitrixcloud%2C17.0.1%2CN%3Biblock%2C17.5.5%2CN%3Bform%2C17.0.1%2CN%3Bbitrix.siteinfoportal%2C15.5.0%2CN%3Bfileman%2C17.5.9%2CN%3Benergosoft.grouping%2C1.0.1%2CN%3Bwebdebug.utilities%2C16.0.3%2CN%3Bbitrix.sitepersonal%2C15.5.0%2CN%3Bui%2C17.5.4%2CN%3Bb24connector%2C17.5.0%2CN%3Bsearch%2C17.0.1%2CN%3Bvote%2C17.5.0%2CN%3Bbitrix.sitecorporate%2C15.5.0%2CN%3Bblog%2C17.5.7%2CN%3Bseo%2C17.5.2%2CN%3Bforum%2C17.5.2%2CN%3Bmobileapp%2C17.5.0%2CN%3Bperfmon%2C17.0.1%2CN%3Bhighloadblock%2C17.5.0%2CN%3Bphotogallery%2C17.0.2%2CN&reqm=prominado.redirect%2Cbitrix.siteinfoportal%2Cenergosoft.grouping%2Cwebdebug.utilities%2Cbitrix.sitepersonal%2Cbitrix.sitecorporate&fullmoduleinfo=Y&SUPD_SRS=RU&SUPD_CMP=Y
2018-04-12 21:57:24 -  - exec CUpdateClientPartner::GetHTTPPage
2018-04-12 21:57:24 -  - TIME GetUpdatesList(request) 0.253 sec
2018-04-12 21:57:24 -  - exec CUpdateClientPartner::ParseServerData
2018-04-14 15:06:02 -  - exec CUpdateClientPartner::GetUpdatesList
2018-04-14 15:06:02 -  - exec CUpdateClientPartner::__CollectRequestData
2018-04-14 15:06:02 -  - utf=Y&lang=ru&stable=Y&CANGZIP=Y&SUPD_DBS=MYSQL&XE=N&CLIENT_SITE=sbswine.by&LICENSE_KEY=X&SUPD_STS=2&SUPD_URS=0&SUPD_URSA=2&TYPENC=E&CLIENT_PHPVER=7.0.17&NGINX=Y&dbv=5.5.52&instm=main%2C17.5.10%2CN%3Btranslate%2C16.0.0%2CN%3Bprominado.redirect%2C1.0.2%2CN%3Bsocialservices%2C17.5.4%2CN%3Bscale%2C17.5.0%2CN%3Bcompression%2C16.0.0%2CN%3Bsecurity%2C17.0.2%2CN%3Bsubscribe%2C17.5.0%2CN%3Bclouds%2C17.0.2%2CN%3Bbitrixcloud%2C17.0.1%2CN%3Biblock%2C17.5.5%2CN%3Bform%2C17.0.1%2CN%3Bbitrix.siteinfoportal%2C15.5.0%2CN%3Bfileman%2C17.5.9%2CN%3Benergosoft.grouping%2C1.0.1%2CN%3Bwebdebug.utilities%2C16.0.3%2CN%3Bbitrix.sitepersonal%2C15.5.0%2CN%3Bui%2C17.5.4%2CN%3Bb24connector%2C17.5.0%2CN%3Bsearch%2C17.0.1%2CN%3Bvote%2C17.5.0%2CN%3Bbitrix.sitecorporate%2C15.5.0%2CN%3Bblog%2C17.5.7%2CN%3Bseo%2C17.5.2%2CN%3Bforum%2C17.5.2%2CN%3Bmobileapp%2C17.5.0%2CN%3Bperfmon%2C17.0.1%2CN%3Bhighloadblock%2C17.5.0%2CN%3Bphotogallery%2C17.0.2%2CN&reqm=prominado.redirect%2Cbitrix.siteinfoportal%2Cenergosoft.grouping%2Cwebdebug.utilities%2Cbitrix.sitepersonal%2Cbitrix.sitecorporate&fullmoduleinfo=Y&SUPD_SRS=RU&SUPD_CMP=Y
2018-04-14 15:06:02 -  - exec CUpdateClientPartner::GetHTTPPage
2018-04-14 15:06:02 -  - TIME GetUpdatesList(request) 0.285 sec
2018-04-14 15:06:02 -  - exec CUpdateClientPartner::ParseServerData
2018-04-14 15:12:39 -  - exec CUpdateClientPartner::GetUpdatesList
2018-04-14 15:12:39 -  - exec CUpdateClientPartner::__CollectRequestData
2018-04-14 15:12:39 -  - utf=Y&lang=ru&stable=Y&CANGZIP=Y&SUPD_DBS=MYSQL&XE=N&CLIENT_SITE=sbswine.by&LICENSE_KEY=X&SUPD_STS=2&SUPD_URS=0&SUPD_URSA=2&TYPENC=E&CLIENT_PHPVER=7.0.17&NGINX=Y&dbv=5.5.52&instm=main%2C17.5.10%2CN%3Btranslate%2C16.0.0%2CN%3Bprominado.redirect%2C1.0.2%2CN%3Bsocialservices%2C17.5.4%2CN%3Bscale%2C17.5.0%2CN%3Bcompression%2C16.0.0%2CN%3Bsecurity%2C17.0.2%2CN%3Bsubscribe%2C17.5.0%2CN%3Bclouds%2C17.0.2%2CN%3Bbitrixcloud%2C17.0.1%2CN%3Biblock%2C17.5.5%2CN%3Bform%2C17.0.1%2CN%3Bbitrix.siteinfoportal%2C15.5.0%2CN%3Bfileman%2C17.5.9%2CN%3Benergosoft.grouping%2C1.0.1%2CN%3Bwebdebug.utilities%2C16.0.3%2CN%3Bbitrix.sitepersonal%2C15.5.0%2CN%3Bui%2C17.5.4%2CN%3Bb24connector%2C17.5.0%2CN%3Bsearch%2C17.0.1%2CN%3Bvote%2C17.5.0%2CN%3Bbitrix.sitecorporate%2C15.5.0%2CN%3Bblog%2C17.5.7%2CN%3Bseo%2C17.5.2%2CN%3Bforum%2C17.5.2%2CN%3Bmobileapp%2C17.5.0%2CN%3Bperfmon%2C17.0.1%2CN%3Bhighloadblock%2C17.5.0%2CN%3Bphotogallery%2C17.0.2%2CN&reqm=prominado.redirect%2Cbitrix.siteinfoportal%2Cenergosoft.grouping%2Cwebdebug.utilities%2Cbitrix.sitepersonal%2Cbitrix.sitecorporate%2Cartofbx.yandexmetrika&SUPD_SRS=RU&SUPD_CMP=Y
2018-04-14 15:12:39 -  - exec CUpdateClientPartner::GetHTTPPage
2018-04-14 15:12:39 -  - TIME GetUpdatesList(request) 0.255 sec
2018-04-14 15:12:39 -  - exec CUpdateClientPartner::ParseServerData
2018-04-24 11:29:14 -  - exec CUpdateClientPartner::GetUpdatesList
2018-04-24 11:29:14 -  - exec CUpdateClientPartner::__CollectRequestData
2018-04-24 11:29:14 -  - utf=Y&lang=ru&stable=Y&CANGZIP=Y&SUPD_DBS=MYSQL&XE=N&CLIENT_SITE=sbswine.by&LICENSE_KEY=X&SUPD_STS=2&SUPD_URS=0&SUPD_URSA=2&TYPENC=E&CLIENT_PHPVER=7.0.17&NGINX=Y&dbv=5.5.52&instm=main%2C17.5.10%2CN%3Btranslate%2C16.0.0%2CN%3Bprominado.redirect%2C1.0.2%2CN%3Bsocialservices%2C17.5.4%2CN%3Bscale%2C17.5.0%2CN%3Bcompression%2C16.0.0%2CN%3Bsecurity%2C17.0.2%2CN%3Bsubscribe%2C17.5.0%2CN%3Bclouds%2C17.0.2%2CN%3Bbitrixcloud%2C17.0.1%2CN%3Biblock%2C17.5.5%2CN%3Bform%2C17.0.1%2CN%3Bbitrix.siteinfoportal%2C15.5.0%2CN%3Bfileman%2C17.5.9%2CN%3Benergosoft.grouping%2C1.0.1%2CN%3Bwebdebug.utilities%2C16.0.3%2CN%3Bbitrix.sitepersonal%2C15.5.0%2CN%3Bui%2C17.5.4%2CN%3Bb24connector%2C17.5.0%2CN%3Bsearch%2C17.0.1%2CN%3Bvote%2C17.5.0%2CN%3Bbitrix.sitecorporate%2C15.5.0%2CN%3Bblog%2C17.5.7%2CN%3Bseo%2C17.5.2%2CN%3Bforum%2C17.5.2%2CN%3Bmobileapp%2C17.5.0%2CN%3Bperfmon%2C17.0.1%2CN%3Bhighloadblock%2C17.5.0%2CN%3Bphotogallery%2C17.0.2%2CN&reqm=prominado.redirect%2Cbitrix.siteinfoportal%2Cenergosoft.grouping%2Cwebdebug.utilities%2Cbitrix.sitepersonal%2Cbitrix.sitecorporate&fullmoduleinfo=Y&SUPD_SRS=RU&SUPD_CMP=Y
2018-04-24 11:29:14 -  - exec CUpdateClientPartner::GetHTTPPage
2018-04-24 11:29:14 -  - TIME GetUpdatesList(request) 0.402 sec
2018-04-24 11:29:14 -  - exec CUpdateClientPartner::ParseServerData
2018-04-24 11:29:19 -  - exec CUpdateClientPartner::GetUpdatesList
2018-04-24 11:29:19 -  - exec CUpdateClientPartner::__CollectRequestData
2018-04-24 11:29:19 -  - utf=Y&lang=ru&stable=Y&CANGZIP=Y&SUPD_DBS=MYSQL&XE=N&CLIENT_SITE=sbswine.by&LICENSE_KEY=X&SUPD_STS=2&SUPD_URS=0&SUPD_URSA=2&TYPENC=E&CLIENT_PHPVER=7.0.17&NGINX=Y&dbv=5.5.52&instm=main%2C17.5.10%2CN%3Btranslate%2C16.0.0%2CN%3Bprominado.redirect%2C1.0.2%2CN%3Bsocialservices%2C17.5.4%2CN%3Bscale%2C17.5.0%2CN%3Bcompression%2C16.0.0%2CN%3Bsecurity%2C17.0.2%2CN%3Bsubscribe%2C17.5.0%2CN%3Bclouds%2C17.0.2%2CN%3Bbitrixcloud%2C17.0.1%2CN%3Biblock%2C17.5.5%2CN%3Bform%2C17.0.1%2CN%3Bbitrix.siteinfoportal%2C15.5.0%2CN%3Bfileman%2C17.5.9%2CN%3Benergosoft.grouping%2C1.0.1%2CN%3Bwebdebug.utilities%2C16.0.3%2CN%3Bbitrix.sitepersonal%2C15.5.0%2CN%3Bui%2C17.5.4%2CN%3Bb24connector%2C17.5.0%2CN%3Bsearch%2C17.0.1%2CN%3Bvote%2C17.5.0%2CN%3Bbitrix.sitecorporate%2C15.5.0%2CN%3Bblog%2C17.5.7%2CN%3Bseo%2C17.5.2%2CN%3Bforum%2C17.5.2%2CN%3Bmobileapp%2C17.5.0%2CN%3Bperfmon%2C17.0.1%2CN%3Bhighloadblock%2C17.5.0%2CN%3Bphotogallery%2C17.0.2%2CN&reqm=prominado.redirect%2Cbitrix.siteinfoportal%2Cenergosoft.grouping%2Cwebdebug.utilities%2Cbitrix.sitepersonal%2Cbitrix.sitecorporate&SUPD_SRS=RU&SUPD_CMP=Y
2018-04-24 11:29:19 -  - exec CUpdateClientPartner::GetHTTPPage
2018-04-24 11:29:19 -  - TIME GetUpdatesList(request) 0.294 sec
2018-04-24 11:29:19 -  - exec CUpdateClientPartner::ParseServerData
2018-06-22 17:15:49 -  - exec CUpdateClientPartner::GetUpdatesList
2018-06-22 17:15:49 -  - exec CUpdateClientPartner::__CollectRequestData
2018-06-22 17:15:49 -  - utf=Y&lang=ru&stable=Y&CANGZIP=Y&SUPD_DBS=MYSQL&XE=N&CLIENT_SITE=sbswine.by&LICENSE_KEY=X&SUPD_STS=2&SUPD_URS=0&SUPD_URSA=1&TYPENC=E&CLIENT_PHPVER=7.0.17&NGINX=Y&dbv=5.5.52&instm=main%2C17.5.10%2CN%3Btranslate%2C16.0.0%2CN%3Bprominado.redirect%2C1.0.2%2CN%3Bsocialservices%2C17.5.4%2CN%3Bscale%2C17.5.0%2CN%3Bcompression%2C16.0.0%2CN%3Bsecurity%2C17.0.2%2CN%3Bsubscribe%2C17.5.0%2CN%3Bclouds%2C17.0.2%2CN%3Bbitrixcloud%2C17.0.1%2CN%3Biblock%2C17.5.5%2CN%3Bform%2C17.0.1%2CN%3Bbitrix.siteinfoportal%2C15.5.0%2CN%3Bfileman%2C17.5.9%2CN%3Benergosoft.grouping%2C1.0.1%2CN%3Bwebdebug.utilities%2C16.0.3%2CN%3Bbitrix.sitepersonal%2C15.5.0%2CN%3Bui%2C17.5.4%2CN%3Bb24connector%2C17.5.0%2CN%3Bsearch%2C17.0.1%2CN%3Bvote%2C17.5.0%2CN%3Bbitrix.sitecorporate%2C15.5.0%2CN%3Bblog%2C17.5.7%2CN%3Bseo%2C17.5.2%2CN%3Bforum%2C17.5.2%2CN%3Bmobileapp%2C17.5.0%2CN%3Bperfmon%2C17.0.1%2CN%3Bhighloadblock%2C17.5.0%2CN%3Bphotogallery%2C17.0.2%2CN&reqm=prominado.redirect%2Cbitrix.siteinfoportal%2Cenergosoft.grouping%2Cwebdebug.utilities%2Cbitrix.sitepersonal%2Cbitrix.sitecorporate%2Cparnas.khayrcomment&SUPD_SRS=RU&SUPD_CMP=Y
2018-06-22 17:15:49 -  - exec CUpdateClientPartner::GetHTTPPage
2018-06-22 17:15:49 -  - TIME GetUpdatesList(request) 0.359 sec
2018-06-22 17:15:49 -  - exec CUpdateClientPartner::ParseServerData
