2018-Apr-13 09:41:12 Наличие необходимых модулей php (check_php_modules): Ok
Все необходимые модули установлены
2018-Apr-13 09:41:12 Обязательные параметры PHP (check_php_settings): Ok
Настройки правильные
2018-Apr-13 09:41:12 Модули веб-сервера (check_security): Ok
Конфликтов не выявлено
2018-Apr-13 09:41:12 Значения переменных сервера (check_server_vars): Ok
Корректные
2018-Apr-13 09:41:12 Сохранение сессии (check_session): Ok
50% done
2018-Apr-13 09:41:12 Сохранение сессии (check_session): Ok
Успешно
2018-Apr-13 09:41:12 Параметры настройки UTF (mbstring и константа BX_UTF) (check_mbstring): Ok
Правильные. Сайт работает в UTF кодировке
2018-Apr-13 09:41:12 Служебные скрипты в корне сайта (check_install_scripts): Ok
Отсутствуют
2018-Apr-13 09:41:12 Работа с сокетами (check_socket): Ok
Connection to ssl://sbswine.by:443	Success

Успешно
2018-Apr-13 09:41:12 Выполнение агентов на cron (check_bx_crontab): Fail
Ошибка! Не настроен запуск cron_events.php на cron, последний агент отработал больше суток назад.
2018-Apr-13 09:41:12 Параметры подключения к базе данных (check_dbconn_settings): Ok
Успешно
2018-Apr-13 09:41:12 Лишний вывод в файлах конфигурации (check_dbconn): Ok
Connection to ssl://sbswine.by:443	Success

Успешно
2018-Apr-13 09:41:12 Сохранение сессии без UserAgent (check_session_ua): Ok
50% done
Connection to ssl://sbswine.by:443	Success

2018-Apr-13 09:41:12 Сохранение сессии без UserAgent (check_session_ua): Ok
Connection to ssl://sbswine.by:443	Success

Успешно
2018-Apr-13 09:41:13 Настройки сайтов (check_sites): Ok
Правильные
2018-Apr-13 09:41:13 Передача объектов по ссылке (check_clone): Ok
Успешно
2018-Apr-13 09:41:13 Размер стека и pcre.recursion_limit (check_pcre_recursion): Warning
Connection to ssl://sbswine.by:443	Success

Замечание. Возможны проблемы в работе с длинными строками из-за системных ограничений
2018-Apr-13 09:41:13 Загрузка файла (check_upload): Ok
Connection to ssl://sbswine.by:443	Success

Успешно
2018-Apr-13 09:41:13 Загрузка файла больше 4Мб (check_upload_big): Ok
Connection to ssl://sbswine.by:443	Success

Успешно
2018-Apr-13 09:41:13 Загрузка файла через php://input (check_upload_raw): Ok
Connection to ssl://sbswine.by:443	Success

Успешно
2018-Apr-13 09:41:13 Передача POST запроса с большим числом параметров (check_post): Ok
Connection to ssl://sbswine.by:443	Success

Успешно
2018-Apr-13 09:41:13 Отправка почты (check_mail): Ok
Успешно
2018-Apr-13 09:41:13 Отправка почтового сообщения больше 64Кб (check_mail_big): Ok
Успешно
2018-Apr-13 09:41:13 Проверка на наличие неотправленных сообщений (check_mail_b_event): Ok
Успешно
2018-Apr-13 09:41:13 Внутреннее перенаправление (функция LocalRedirect) (check_localredirect): Ok
50% done
Connection to ssl://sbswine.by:443	Success

2018-Apr-13 09:41:13 Внутреннее перенаправление (функция LocalRedirect) (check_localredirect): Ok
Connection to ssl://sbswine.by:443	Success

Успешно
2018-Apr-13 09:41:13 Фактическое ограничение памяти (check_memory_limit): Ok
20% done
Connection to ssl://sbswine.by:443	Success

2018-Apr-13 09:41:13 Фактическое ограничение памяти (check_memory_limit): Ok
40% done
Connection to ssl://sbswine.by:443	Success

2018-Apr-13 09:41:14 Фактическое ограничение памяти (check_memory_limit): Ok
60% done
Connection to ssl://sbswine.by:443	Success

2018-Apr-13 09:41:14 Фактическое ограничение памяти (check_memory_limit): Ok
80% done
Connection to ssl://sbswine.by:443	Success

2018-Apr-13 09:41:15 Фактическое ограничение памяти (check_memory_limit): Ok
Connection to ssl://sbswine.by:443	Success

Не менее 256 М
2018-Apr-13 09:41:15 Работа с файлами кеша (check_cache): Ok
Успешно
2018-Apr-13 09:41:15 Доступ к серверу обновлений (check_update): Ok
Успешно
2018-Apr-13 09:41:15 HTTP авторизация (check_http_auth): Ok
Connection to ssl://sbswine.by:443	Success

Успешно
2018-Apr-13 09:41:15 Создание и запуск файла (check_exec): Ok
Connection to ssl://sbswine.by:443	Success

Успешно
2018-Apr-13 09:41:15 Функция getimagesize для swf (check_getimagesize): Ok
Успешно
2018-Apr-13 09:41:15 Версия MySQL-сервера (check_mysql_bug_version): Ok
Успешно
2018-Apr-13 09:41:16 Время на БД и веб-сервере (check_mysql_time): Ok
Успешно
2018-Apr-13 09:41:16 Режим работы MySQL (check_mysql_mode): Ok
Успешно
2018-Apr-13 09:41:16 Кодировка соединения (check_mysql_connection_charset): Ok
character_set_connection=utf8, collation_connection=utf8_unicode_ci, character_set_results=utf8
Успешно
2018-Apr-13 09:41:16 Кодировка базы данных (check_mysql_db_charset): Ok
CHARSET=utf8, COLLATION=utf8_unicode_ci
Успешно
2018-Apr-13 09:41:16 Кодировки таблиц в БД (check_mysql_table_charset): Ok
Успешно
2018-Apr-13 09:41:16 Структура базы данных (check_mysql_table_structure): Ok
0% done
2018-Apr-13 09:41:16 Структура базы данных (check_mysql_table_structure): Ok
4% done
2018-Apr-13 09:41:16 Структура базы данных (check_mysql_table_structure): Ok
8% done
2018-Apr-13 09:41:16 Структура базы данных (check_mysql_table_structure): Ok
13% done
2018-Apr-13 09:41:16 Структура базы данных (check_mysql_table_structure): Ok
17% done
2018-Apr-13 09:41:16 Структура базы данных (check_mysql_table_structure): Ok
21% done
2018-Apr-13 09:41:16 Структура базы данных (check_mysql_table_structure): Ok
26% done
2018-Apr-13 09:41:16 Структура базы данных (check_mysql_table_structure): Ok
30% done
2018-Apr-13 09:41:17 Структура базы данных (check_mysql_table_structure): Ok
34% done
2018-Apr-13 09:41:17 Структура базы данных (check_mysql_table_structure): Ok
39% done
2018-Apr-13 09:41:17 Структура базы данных (check_mysql_table_structure): Ok
43% done
2018-Apr-13 09:41:17 Структура базы данных (check_mysql_table_structure): Ok
47% done
2018-Apr-13 09:41:17 Структура базы данных (check_mysql_table_structure): Ok
52% done
2018-Apr-13 09:41:17 Структура базы данных (check_mysql_table_structure): Ok
56% done
2018-Apr-13 09:41:17 Структура базы данных (check_mysql_table_structure): Ok
60% done
2018-Apr-13 09:41:18 Структура базы данных (check_mysql_table_structure): Ok
65% done
2018-Apr-13 09:41:18 Структура базы данных (check_mysql_table_structure): Ok
69% done
2018-Apr-13 09:41:18 Структура базы данных (check_mysql_table_structure): Ok
73% done
2018-Apr-13 09:41:18 Структура базы данных (check_mysql_table_structure): Ok
78% done
2018-Apr-13 09:41:19 Структура базы данных (check_mysql_table_structure): Ok
82% done
2018-Apr-13 09:41:20 Структура базы данных (check_mysql_table_structure): Ok
86% done
2018-Apr-13 09:41:20 Структура базы данных (check_mysql_table_structure): Ok
91% done
2018-Apr-13 09:41:20 Структура базы данных (check_mysql_table_structure): Ok
95% done
2018-Apr-13 09:41:20 Структура базы данных (check_mysql_table_structure): Ok
Успешно
